#
# A fatal error has been detected by the Java Runtime Environment:
#
#  SIGSEGV (0xb) at pc=0x0000000108f465fb, pid=4013, tid=16647
#
# JRE version: Java(TM) SE Runtime Environment (13.0.2+8) (build 13.0.2+8)
# Java VM: Java HotSpot(TM) 64-Bit Server VM (13.0.2+8, mixed mode, sharing, tiered, compressed oops, g1 gc, bsd-amd64)
# Problematic frame:
# V  [libjvm.dylib+0x3465fb]  GenerateOopMap::do_field(int, int, int, int)+0x55
#
# No core dump will be written. Core dumps have been disabled. To enable core dumping, try "ulimit -c unlimited" before starting Java again
#
# If you would like to submit a bug report, please visit:
#   http://bugreport.java.com/bugreport/crash.jsp
#

---------------  S U M M A R Y ------------

Command Line: -agentlib:jdwp=transport=dt_socket,suspend=y,address=localhost:61965 -javaagent:/Users/josepena97/eclipse/java-2019-12/Eclipse.app/Contents/Eclipse/configuration/org.eclipse.osgi/219/0/.cp/lib/javaagent-shaded.jar -Dfile.encoding=UTF-8 webscrape.WebScrape

Host: MacBookPro15,1 x86_64 2600 MHz, 12 cores, 16G, Darwin 19.3.0
Time: Tue Mar 10 17:55:56 2020 PDT elapsed time: 1256 seconds (0d 0h 20m 56s)

---------------  T H R E A D  ---------------

Current thread (0x00007f8650811800):  GCTaskThread "GC Thread#1" [stack: 0x0000700003c57000,0x0000700003d57000] [id=16647]

Stack: [0x0000700003c57000,0x0000700003d57000],  sp=0x0000700003d55430,  free space=1017k
Native frames: (J=compiled Java code, A=aot compiled Java code, j=interpreted, Vv=VM code, C=native code)
V  [libjvm.dylib+0x3465fb]  GenerateOopMap::do_field(int, int, int, int)+0x55
V  [libjvm.dylib+0x344e37]  GenerateOopMap::interp_bb(BasicBlock*)+0xdb
V  [libjvm.dylib+0x344b58]  GenerateOopMap::interp_all()+0x3c
V  [libjvm.dylib+0x344809]  GenerateOopMap::do_interpretation()+0x4b
V  [libjvm.dylib+0x346f35]  GenerateOopMap::compute_map(Thread*)+0x165
V  [libjvm.dylib+0x617c52]  OopMapForCacheEntry::compute_map(Thread*)+0x54
V  [libjvm.dylib+0x618434]  OopMapCacheEntry::fill(methodHandle const&, int)+0xac
V  [libjvm.dylib+0x618a25]  OopMapCache::lookup(methodHandle const&, int, InterpreterOopMap*)+0x147
V  [libjvm.dylib+0x5e1853]  Method::mask_for(int, InterpreterOopMap*)+0x6d
V  [libjvm.dylib+0x2dd380]  frame::oops_interpreted_do(OopClosure*, RegisterMap const*, bool)+0x240
V  [libjvm.dylib+0x72bf19]  JavaThread::oops_do(OopClosure*, CodeBlobClosure*)+0x127
V  [libjvm.dylib+0x72cfe2]  Threads::possibly_parallel_threads_do(bool, ThreadClosure*)+0x82
V  [libjvm.dylib+0x72e98a]  Threads::possibly_parallel_oops_do(bool, OopClosure*, CodeBlobClosure*)+0x26
V  [libjvm.dylib+0x32dcf7]  G1RootProcessor::process_java_roots(G1RootClosures*, G1GCPhaseTimes*, unsigned int)+0xad
V  [libjvm.dylib+0x32db0d]  G1RootProcessor::evacuate_roots(G1ParScanThreadState*, unsigned int)+0x5d
V  [libjvm.dylib+0x2f175a]  G1EvacuateRegionsTask::scan_roots(G1ParScanThreadState*, unsigned int)+0x1c
V  [libjvm.dylib+0x2f1686]  G1EvacuateRegionsBaseTask::work(unsigned int)+0x88
V  [libjvm.dylib+0x7a220b]  GangWorker::loop()+0x43
V  [libjvm.dylib+0x727f51]  Thread::call_run()+0x71
V  [libjvm.dylib+0x6206a5]  thread_native_entry(Thread*)+0x132
C  [libsystem_pthread.dylib+0x5e65]  _pthread_start+0x94
C  [libsystem_pthread.dylib+0x183b]  thread_start+0xf

JavaThread 0x00007f8651007000 (nid = 9987) was being processed
Java frames: (J=compiled Java code, j=interpreted, Vv=VM code)
v  ~RuntimeStub::new_type_array Runtime1 stub
J 775 c1 java.io.InputStream.readNBytes(I)[B java.base@13.0.2 (274 bytes) @ 0x00000001173e6bfb [0x00000001173e5360+0x000000000000189b]
J 311 c1 sun.security.util.IOUtils.readExactlyNBytes(Ljava/io/InputStream;I)[B java.base@13.0.2 (53 bytes) @ 0x00000001172e6894 [0x00000001172e6220+0x0000000000000674]
j  sun.security.provider.JavaKeyStore.engineLoad(Ljava/io/InputStream;[C)V+523 java.base@13.0.2
j  sun.security.util.KeyStoreDelegator.engineLoad(Ljava/io/InputStream;[C)V+130 java.base@13.0.2
j  java.security.KeyStore.load(Ljava/io/InputStream;[C)V+6 java.base@13.0.2
j  sun.security.util.AnchorCertificates$1.run()Ljava/lang/Void;+31 java.base@13.0.2
j  sun.security.util.AnchorCertificates$1.run()Ljava/lang/Object;+1 java.base@13.0.2
j  java.security.AccessController.executePrivileged(Ljava/security/PrivilegedAction;Ljava/security/AccessControlContext;Ljava/lang/Class;)Ljava/lang/Object;+29 java.base@13.0.2
j  java.security.AccessController.doPrivileged(Ljava/security/PrivilegedAction;)Ljava/lang/Object;+5 java.base@13.0.2
j  sun.security.util.AnchorCertificates.<clinit>()V+21 java.base@13.0.2
v  ~StubRoutines::call_stub
j  sun.security.provider.certpath.AlgorithmChecker.checkFingerprint(Ljava/security/cert/X509Certificate;)Z+43 java.base@13.0.2
j  sun.security.provider.certpath.AlgorithmChecker.<init>(Ljava/security/cert/TrustAnchor;Ljava/security/AlgorithmConstraints;Ljava/util/Date;Ljava/security/Timestamp;Ljava/lang/String;)V+36 java.base@13.0.2
j  sun.security.provider.certpath.PKIXCertPathValidator.validate(Ljava/security/cert/TrustAnchor;Lsun/security/provider/certpath/PKIX$ValidatorParams;)Ljava/security/cert/PKIXCertPathValidatorResult;+71 java.base@13.0.2
j  sun.security.provider.certpath.PKIXCertPathValidator.validate(Lsun/security/provider/certpath/PKIX$ValidatorParams;)Ljava/security/cert/PKIXCertPathValidatorResult;+223 java.base@13.0.2
j  sun.security.provider.certpath.PKIXCertPathValidator.engineValidate(Ljava/security/cert/CertPath;Ljava/security/cert/CertPathParameters;)Ljava/security/cert/CertPathValidatorResult;+7 java.base@13.0.2
j  java.security.cert.CertPathValidator.validate(Ljava/security/cert/CertPath;Ljava/security/cert/CertPathParameters;)Ljava/security/cert/CertPathValidatorResult;+6 java.base@13.0.2
j  sun.security.validator.PKIXValidator.doValidate([Ljava/security/cert/X509Certificate;Ljava/security/cert/PKIXBuilderParameters;)[Ljava/security/cert/X509Certificate;+34 java.base@13.0.2
j  sun.security.validator.PKIXValidator.engineValidate([Ljava/security/cert/X509Certificate;Ljava/util/Collection;Ljava/util/List;Ljava/security/AlgorithmConstraints;Ljava/lang/Object;)[Ljava/security/cert/X509Certificate;+259 java.base@13.0.2
j  sun.security.validator.Validator.validate([Ljava/security/cert/X509Certificate;Ljava/util/Collection;Ljava/util/List;Ljava/security/AlgorithmConstraints;Ljava/lang/Object;)[Ljava/security/cert/X509Certificate;+8 java.base@13.0.2
j  sun.security.ssl.X509TrustManagerImpl.checkTrusted([Ljava/security/cert/X509Certificate;Ljava/lang/String;Ljava/net/Socket;Z)V+170 java.base@13.0.2
j  sun.security.ssl.X509TrustManagerImpl.checkServerTrusted([Ljava/security/cert/X509Certificate;Ljava/lang/String;Ljava/net/Socket;)V+5 java.base@13.0.2
j  sun.security.ssl.CertificateMessage$T12CertificateConsumer.checkServerCerts(Lsun/security/ssl/ClientHandshakeContext;[Ljava/security/cert/X509Certificate;)V+133 java.base@13.0.2
j  sun.security.ssl.CertificateStatus$CertificateStatusConsumer.consume(Lsun/security/ssl/ConnectionContext;Ljava/nio/ByteBuffer;)V+61 java.base@13.0.2
j  sun.security.ssl.SSLHandshake.consume(Lsun/security/ssl/ConnectionContext;Ljava/nio/ByteBuffer;)V+13 java.base@13.0.2
j  sun.security.ssl.HandshakeContext.dispatch(BLjava/nio/ByteBuffer;)V+73 java.base@13.0.2
j  sun.security.ssl.HandshakeContext.dispatch(BLsun/security/ssl/Plaintext;)V+156 java.base@13.0.2
j  sun.security.ssl.TransportContext.dispatch(Lsun/security/ssl/Plaintext;)V+269 java.base@13.0.2
j  sun.security.ssl.SSLTransport.decode(Lsun/security/ssl/TransportContext;[Ljava/nio/ByteBuffer;II[Ljava/nio/ByteBuffer;II)Lsun/security/ssl/Plaintext;+267 java.base@13.0.2
j  sun.security.ssl.SSLSocketImpl.decode(Ljava/nio/ByteBuffer;)Lsun/security/ssl/Plaintext;+14 java.base@13.0.2
j  sun.security.ssl.SSLSocketImpl.readHandshakeRecord()I+12 java.base@13.0.2
j  sun.security.ssl.SSLSocketImpl.startHandshake()V+122 java.base@13.0.2
j  sun.net.www.protocol.https.HttpsClient.afterConnect()V+255 java.base@13.0.2
j  sun.net.www.protocol.https.AbstractDelegateHttpsURLConnection.connect()V+51 java.base@13.0.2
j  sun.net.www.protocol.https.HttpsURLConnectionImpl.connect()V+4 java.base@13.0.2
j  org.jsoup.helper.HttpConnection$Response.execute(Lorg/jsoup/Connection$Request;Lorg/jsoup/helper/HttpConnection$Response;)Lorg/jsoup/helper/HttpConnection$Response;+173
j  org.jsoup.helper.HttpConnection$Response.execute(Lorg/jsoup/Connection$Request;)Lorg/jsoup/helper/HttpConnection$Response;+2
j  org.jsoup.helper.HttpConnection.execute()Lorg/jsoup/Connection$Response;+5
j  org.jsoup.helper.HttpConnection.get()Lorg/jsoup/nodes/Document;+14
j  webscrape.WebScrape.main([Ljava/lang/String;)V+46
v  ~StubRoutines::call_stub

siginfo: si_signo: 11 (SIGSEGV), si_code: 1 (SEGV_MAPERR), si_addr: 0x0000000000000006

Register to memory mapping:

RAX=0x0 is NULL
RBX=0x000000012e440830 is pointing into metadata
RCX=0x0000000000000009 is an unknown value
RDX=0x0000000000001640 is an unknown value
RSP=0x0000700003d55430 points into unknown readable memory: 00 00 00 00 01 00 00 00
RBP=0x0000700003d55480 points into unknown readable memory: f0 54 d5 03 00 70 00 00
RSI=0x000000000000003d is an unknown value
RDI=0x000000012e440830 is pointing into metadata
R8 =0x0000000000000098 is an unknown value
R9 =0x0000000047000000 is an unknown value
R10=0x0000000047000000 is an unknown value
R11=0x0000000000000001 is an unknown value
R12=0x0000700003d55640 points into unknown readable memory: 88 46 53 09 01 00 00 00
R13=0x0000000000000098 is an unknown value
R14=0x0000000000000001 is an unknown value
R15=0x0000000000000001 is an unknown value


Registers:
RAX=0x0000000000000000, RBX=0x000000012e440830, RCX=0x0000000000000009, RDX=0x0000000000001640
RSP=0x0000700003d55430, RBP=0x0000700003d55480, RSI=0x000000000000003d, RDI=0x000000012e440830
R8 =0x0000000000000098, R9 =0x0000000047000000, R10=0x0000000047000000, R11=0x0000000000000001
R12=0x0000700003d55640, R13=0x0000000000000098, R14=0x0000000000000001, R15=0x0000000000000001
RIP=0x0000000108f465fb, EFLAGS=0x0000000000010206, ERR=0x0000000000000004
  TRAPNO=0x000000000000000e

Top of Stack: (sp=0x0000700003d55430)
0x0000700003d55430:   0000000100000000 000000012e4410f6
0x0000700003d55440:   0000000046000001 0000000146000095
0x0000700003d55450:   c44e74296c9f00f4 0000700003d55640
0x0000700003d55460:   000000000000009e 0000700003d55640
0x0000700003d55470:   00007f864ff07fa8 0000700003d55498
0x0000700003d55480:   0000700003d554f0 0000000108f44e37
0x0000700003d55490:   0000000000000000 0000700003d554b8
0x0000700003d554a0:   000000012e441100 00007f8650811800
0x0000700003d554b0:   0000009b00000098 000000b20000009e
0x0000700003d554c0:   000000b2003d0000 c44e74296c9f00f4
0x0000700003d554d0:   0000000000000168 00007f864ff07dd0
0x0000700003d554e0:   0000700003d55640 0000000000000009
0x0000700003d554f0:   0000700003d55520 0000000108f44b58
0x0000700003d55500:   0000000000000000 0000700003d55640
0x0000700003d55510:   00007f8650811800 00007f864ff07dd0
0x0000700003d55520:   0000700003d55540 0000000108f44809
0x0000700003d55530:   c44e74296c9f00f4 0000700003d55640
0x0000700003d55540:   0000700003d555e0 0000000108f46f35
0x0000700003d55550:   0000000000000100 0000000000000000
0x0000700003d55560:   00007f864ff07e30 00007fff68428e00
0x0000700003d55570:   0000000000000000 00000001093e1203
0x0000700003d55580:   0000000000000000 0000000107390000
0x0000700003d55590:   0000000000000000 00000001073b5400
0x0000700003d555a0:   0000700003d55600 00007fff68428656
0x0000700003d555b0:   0000000000000000 0000000000000000
0x0000700003d555c0:   0000700003d55640 0000700003d55738
0x0000700003d555d0:   00007f8650811800 0000700003d557f8
0x0000700003d555e0:   0000700003d55630 0000000109217c52
0x0000700003d555f0:   00007f864fc60400 00007f864ff07d10
0x0000700003d55600:   00007f864ff07d80 00007f864ff080f8
0x0000700003d55610:   00000000000003d8 00007f8651a028a0
0x0000700003d55620:   000000000000002e 0000700003d557f8 

Instructions: (pc=0x0000000108f465fb)
0x0000000108f464fb:   20 48 c1 e2 02 49 03 56 48 8d 71 01 41 89 76 58
0x0000000108f4650b:   89 04 8a eb 0a 31 c0 4c 89 f7 e8 06 e1 ff ff 41
0x0000000108f4651b:   8a 04 24 49 ff c4 84 c0 75 be 48 8b 05 34 1c 53
0x0000000108f4652b:   00 48 8b 00 48 3b 45 d0 75 0f 48 83 c4 28 5b 41
0x0000000108f4653b:   5c 41 5d 41 5e 41 5f 5d c3 e8 a9 eb 45 00 90 55
0x0000000108f4654b:   48 89 e5 41 56 53 41 89 f6 48 89 fb e8 4a e1 ff
0x0000000108f4655b:   ff 48 89 df 44 89 f6 89 c2 5b 41 5e 5d e9 77 05
0x0000000108f4656b:   00 00 90 55 48 89 e5 48 63 47 58 3b 47 24 7d 23
0x0000000108f4657b:   81 e6 ff ff ff 03 81 ce 00 00 00 14 48 63 4f 20
0x0000000108f4658b:   48 c1 e1 02 48 03 4f 48 8d 50 01 89 57 58 89 34
0x0000000108f4659b:   81 5d c3 31 c0 5d e9 7a e0 ff ff 55 48 89 e5 41
0x0000000108f465ab:   57 41 56 41 55 41 54 53 48 83 ec 28 48 8b 05 a2
0x0000000108f465bb:   1b 53 00 48 8b 00 48 89 45 d0 45 89 c5 41 89 d6
0x0000000108f465cb:   41 89 f7 49 89 fc 49 8b 44 24 08 48 8b 40 08 48
0x0000000108f465db:   8b 58 08 31 d2 48 89 df 89 ce e8 82 b2 f0 ff 48
0x0000000108f465eb:   89 df 89 c6 e8 d6 b2 f0 ff 48 98 48 8b 44 c3 40
0x0000000108f465fb:   8a 48 06 80 f9 4b 7e 2f 80 f9 5b 74 0a 80 f9 56
0x0000000108f4660b:   74 3f 80 f9 4c 75 31 48 8d 45 c0 41 81 e5 ff ff
0x0000000108f4661b:   ff 00 41 81 cd 00 00 00 46 44 89 28 8b 0d 0b e2
0x0000000108f4662b:   65 00 89 48 04 eb 21 48 8d 05 57 12 60 00 80 f9
0x0000000108f4663b:   44 74 15 80 f9 4a 74 10 48 8d 05 52 12 60 00 eb
0x0000000108f4664b:   07 48 8d 05 c5 3c 69 00 31 c9 45 85 ff 74 05 49
0x0000000108f4665b:   89 c7 eb 1e 8b 10 4c 8d 3d b0 3c 69 00 85 d2 74
0x0000000108f4666b:   11 31 c9 89 54 8d b0 8b 54 88 04 48 ff c1 85 d2
0x0000000108f4667b:   75 f1 45 85 f6 75 0f 48 63 c1 ff c1 8b 15 ef 11
0x0000000108f4668b:   60 00 89 54 85 b0 48 63 c1 8b 0d 9e e1 65 00 89
0x0000000108f4669b:   4c 85 b0 48 8d 75 b0 4c 89 e7 e8 68 fd ff ff 4c
0x0000000108f466ab:   89 e7 4c 89 fe e8 af f9 ff ff 48 8b 05 a4 1a 53
0x0000000108f466bb:   00 48 8b 00 48 3b 45 d0 75 0f 48 83 c4 28 5b 41
0x0000000108f466cb:   5c 41 5d 41 5e 41 5f 5d c3 e8 19 ea 45 00 90 55
0x0000000108f466db:   48 89 e5 41 57 41 56 41 55 41 54 53 48 81 ec 58
0x0000000108f466eb:   04 00 00 48 8b 05 6b 1a 53 00 48 8b 00 48 89 45 


Stack slot to memory mapping:
stack at sp + 0 slots: 0x0000000100000000 is an unknown value
stack at sp + 1 slots: 0x000000012e4410f6 is pointing into metadata
stack at sp + 2 slots: 0x0000000046000001 is an unknown value
stack at sp + 3 slots: 0x0000000146000095 is an unknown value
stack at sp + 4 slots: 0xc44e74296c9f00f4 is an unknown value
stack at sp + 5 slots: 0x0000700003d55640 points into unknown readable memory: 88 46 53 09 01 00 00 00
stack at sp + 6 slots: 0x000000000000009e is an unknown value
stack at sp + 7 slots: 0x0000700003d55640 points into unknown readable memory: 88 46 53 09 01 00 00 00


---------------  P R O C E S S  ---------------

Threads class SMR info:
_java_thread_list=0x00007f864fc24bc0, length=12, elements={
0x00007f8651007000, 0x00007f86520a9800, 0x00007f86520ac800, 0x00007f8652803000,
0x00007f8652804000, 0x00007f8650004800, 0x00007f8650005800, 0x00007f8652806000,
0x00007f865080d800, 0x00007f865080e800, 0x00007f8654000000, 0x00007f865080c800
}

Java Threads: ( => current thread )
  0x00007f8651007000 JavaThread "main" [_thread_blocked, id=9987, stack(0x0000700002818000,0x0000700002918000)]
  0x00007f86520a9800 JavaThread "Reference Handler" daemon [_thread_blocked, id=15619, stack(0x0000700002f2d000,0x000070000302d000)]
  0x00007f86520ac800 JavaThread "Finalizer" daemon [_thread_blocked, id=18947, stack(0x0000700003030000,0x0000700003130000)]
  0x00007f8652803000 JavaThread "Signal Dispatcher" daemon [_thread_blocked, id=21763, stack(0x0000700003239000,0x0000700003339000)]
  0x00007f8652804000 JavaThread "C2 CompilerThread0" daemon [_thread_in_native, id=43011, stack(0x000070000333c000,0x000070000343c000)]
  0x00007f8650004800 JavaThread "C1 CompilerThread0" daemon [_thread_blocked, id=22531, stack(0x000070000343f000,0x000070000353f000)]
  0x00007f8650005800 JavaThread "Sweeper thread" daemon [_thread_blocked, id=42243, stack(0x0000700003542000,0x0000700003642000)]
  0x00007f8652806000 JavaThread "Common-Cleaner" daemon [_thread_blocked, id=23555, stack(0x0000700003645000,0x0000700003745000)]
  0x00007f865080d800 JavaThread "JDWP Transport Listener: dt_socket" daemon [_thread_blocked, id=24323, stack(0x0000700003748000,0x0000700003848000)]
  0x00007f865080e800 JavaThread "JDWP Event Helper Thread" daemon [_thread_blocked, id=25091, stack(0x000070000384b000,0x000070000394b000)]
  0x00007f8654000000 JavaThread "JDWP Command Reader" daemon [_thread_in_native, id=25603, stack(0x000070000394e000,0x0000700003a4e000)]
  0x00007f865080c800 JavaThread "Service Thread" daemon [_thread_blocked, id=41475, stack(0x0000700003a51000,0x0000700003b51000)]

Other Threads:
  0x00007f8653002800 VMThread "VM Thread" [stack: 0x0000700002e2a000,0x0000700002f2a000] [id=14851]
  0x00007f8650810000 WatcherThread [stack: 0x0000700003b54000,0x0000700003c54000] [id=26371]
  0x00007f865103b800 GCTaskThread "GC Thread#0" [stack: 0x000070000291b000,0x0000700002a1b000] [id=12291]
=>0x00007f8650811800 GCTaskThread "GC Thread#1" [stack: 0x0000700003c57000,0x0000700003d57000] [id=16647]
  0x00007f8650812800 GCTaskThread "GC Thread#2" [stack: 0x0000700003d5a000,0x0000700003e5a000] [id=26883]
  0x00007f8652149800 GCTaskThread "GC Thread#3" [stack: 0x0000700003e5d000,0x0000700003f5d000] [id=40963]
  0x00007f8650813000 GCTaskThread "GC Thread#4" [stack: 0x0000700003f60000,0x0000700004060000] [id=40451]
  0x00007f86508f3800 GCTaskThread "GC Thread#5" [stack: 0x0000700004063000,0x0000700004163000] [id=27395]
  0x00007f865104c800 ConcurrentGCThread "G1 Main Marker" [stack: 0x0000700002a1e000,0x0000700002b1e000] [id=21507]
  0x00007f865104d800 ConcurrentGCThread "G1 Conc#0" [stack: 0x0000700002b21000,0x0000700002c21000] [id=20739]
  0x00007f86520a8000 ConcurrentGCThread "G1 Refine#0" [stack: 0x0000700002c24000,0x0000700002d24000] [id=13315]
  0x00007f86520a9000 ConcurrentGCThread "G1 Young RemSet Sampling" [stack: 0x0000700002d27000,0x0000700002e27000] [id=20483]

Threads with active compile tasks:
C2 CompilerThread0  1256122  956 %     4       org.eclipse.jdt.launching.internal.org.objectweb.asm.ClassReader::readCode @ 71 (5089 bytes)
C1 CompilerThread0  1256122 1047       3       java.io.DataInputStream::readUTF (501 bytes)

VM state:at safepoint (normal execution)

VM Mutex/Monitor currently owned by a thread:  ([mutex/lock_event])
[0x00007f864fd10cd0] Threads_lock - owner thread: 0x00007f8653002800
[0x00007f864fd11cd0] Heap_lock - owner thread: 0x00007f8651007000

Heap address: 0x0000000700000000, size: 4096 MB, Compressed Oops mode: Zero based, Oop shift amount: 3
Narrow klass base: 0x0000000800000000, Narrow klass shift: 3
Compressed class space size: 1073741824 Address: 0x0000000800ae0000

Heap:
 garbage-first heap   total 264192K, used 25336K [0x0000000700000000, 0x0000000800000000)
  region size 1024K, 27 young (27648K), 3 survivors (3072K)
 Metaspace       used 7997K, capacity 8176K, committed 8448K, reserved 1056768K
  class space    used 867K, capacity 931K, committed 1024K, reserved 1048576K
Heap Regions: E=young(eden), S=young(survivor), O=old, HS=humongous(starts), HC=humongous(continues), CS=collection set, F=free, A=archive, TAMS=top-at-mark-start (previous, next)
|   0|0x0000000700000000, 0x0000000700007850, 0x0000000700100000|  2%| O|  |TAMS 0x0000000700000000, 0x0000000700000000| Untracked 
|   1|0x0000000700100000, 0x0000000700100000, 0x0000000700200000|  0%| F|  |TAMS 0x0000000700100000, 0x0000000700100000| Untracked 
|   2|0x0000000700200000, 0x0000000700200000, 0x0000000700300000|  0%| F|  |TAMS 0x0000000700200000, 0x0000000700200000| Untracked 
|   3|0x0000000700300000, 0x0000000700300000, 0x0000000700400000|  0%| F|  |TAMS 0x0000000700300000, 0x0000000700300000| Untracked 
|   4|0x0000000700400000, 0x0000000700400000, 0x0000000700500000|  0%| F|  |TAMS 0x0000000700400000, 0x0000000700400000| Untracked 
|   5|0x0000000700500000, 0x0000000700500000, 0x0000000700600000|  0%| F|  |TAMS 0x0000000700500000, 0x0000000700500000| Untracked 
|   6|0x0000000700600000, 0x0000000700600000, 0x0000000700700000|  0%| F|  |TAMS 0x0000000700600000, 0x0000000700600000| Untracked 
|   7|0x0000000700700000, 0x0000000700700000, 0x0000000700800000|  0%| F|  |TAMS 0x0000000700700000, 0x0000000700700000| Untracked 
|   8|0x0000000700800000, 0x0000000700800000, 0x0000000700900000|  0%| F|  |TAMS 0x0000000700800000, 0x0000000700800000| Untracked 
|   9|0x0000000700900000, 0x0000000700900000, 0x0000000700a00000|  0%| F|  |TAMS 0x0000000700900000, 0x0000000700900000| Untracked 
|  10|0x0000000700a00000, 0x0000000700a00000, 0x0000000700b00000|  0%| F|  |TAMS 0x0000000700a00000, 0x0000000700a00000| Untracked 
|  11|0x0000000700b00000, 0x0000000700b00000, 0x0000000700c00000|  0%| F|  |TAMS 0x0000000700b00000, 0x0000000700b00000| Untracked 
|  12|0x0000000700c00000, 0x0000000700c00000, 0x0000000700d00000|  0%| F|  |TAMS 0x0000000700c00000, 0x0000000700c00000| Untracked 
|  13|0x0000000700d00000, 0x0000000700d00000, 0x0000000700e00000|  0%| F|  |TAMS 0x0000000700d00000, 0x0000000700d00000| Untracked 
|  14|0x0000000700e00000, 0x0000000700e00000, 0x0000000700f00000|  0%| F|  |TAMS 0x0000000700e00000, 0x0000000700e00000| Untracked 
|  15|0x0000000700f00000, 0x0000000700f00000, 0x0000000701000000|  0%| F|  |TAMS 0x0000000700f00000, 0x0000000700f00000| Untracked 
|  16|0x0000000701000000, 0x0000000701000000, 0x0000000701100000|  0%| F|  |TAMS 0x0000000701000000, 0x0000000701000000| Untracked 
|  17|0x0000000701100000, 0x0000000701100000, 0x0000000701200000|  0%| F|  |TAMS 0x0000000701100000, 0x0000000701100000| Untracked 
|  18|0x0000000701200000, 0x0000000701200000, 0x0000000701300000|  0%| F|  |TAMS 0x0000000701200000, 0x0000000701200000| Untracked 
|  19|0x0000000701300000, 0x0000000701300000, 0x0000000701400000|  0%| F|  |TAMS 0x0000000701300000, 0x0000000701300000| Untracked 
|  20|0x0000000701400000, 0x0000000701400000, 0x0000000701500000|  0%| F|  |TAMS 0x0000000701400000, 0x0000000701400000| Untracked 
|  21|0x0000000701500000, 0x0000000701500000, 0x0000000701600000|  0%| F|  |TAMS 0x0000000701500000, 0x0000000701500000| Untracked 
|  22|0x0000000701600000, 0x0000000701600000, 0x0000000701700000|  0%| F|  |TAMS 0x0000000701600000, 0x0000000701600000| Untracked 
|  23|0x0000000701700000, 0x0000000701700000, 0x0000000701800000|  0%| F|  |TAMS 0x0000000701700000, 0x0000000701700000| Untracked 
|  24|0x0000000701800000, 0x0000000701800000, 0x0000000701900000|  0%| F|  |TAMS 0x0000000701800000, 0x0000000701800000| Untracked 
|  25|0x0000000701900000, 0x0000000701900000, 0x0000000701a00000|  0%| F|  |TAMS 0x0000000701900000, 0x0000000701900000| Untracked 
|  26|0x0000000701a00000, 0x0000000701a00000, 0x0000000701b00000|  0%| F|  |TAMS 0x0000000701a00000, 0x0000000701a00000| Untracked 
|  27|0x0000000701b00000, 0x0000000701b00000, 0x0000000701c00000|  0%| F|  |TAMS 0x0000000701b00000, 0x0000000701b00000| Untracked 
|  28|0x0000000701c00000, 0x0000000701c00000, 0x0000000701d00000|  0%| F|  |TAMS 0x0000000701c00000, 0x0000000701c00000| Untracked 
|  29|0x0000000701d00000, 0x0000000701d00000, 0x0000000701e00000|  0%| F|  |TAMS 0x0000000701d00000, 0x0000000701d00000| Untracked 
|  30|0x0000000701e00000, 0x0000000701e00000, 0x0000000701f00000|  0%| F|  |TAMS 0x0000000701e00000, 0x0000000701e00000| Untracked 
|  31|0x0000000701f00000, 0x0000000701f00000, 0x0000000702000000|  0%| F|  |TAMS 0x0000000701f00000, 0x0000000701f00000| Untracked 
|  32|0x0000000702000000, 0x0000000702000000, 0x0000000702100000|  0%| F|  |TAMS 0x0000000702000000, 0x0000000702000000| Untracked 
|  33|0x0000000702100000, 0x0000000702100000, 0x0000000702200000|  0%| F|  |TAMS 0x0000000702100000, 0x0000000702100000| Untracked 
|  34|0x0000000702200000, 0x0000000702200000, 0x0000000702300000|  0%| F|  |TAMS 0x0000000702200000, 0x0000000702200000| Untracked 
|  35|0x0000000702300000, 0x0000000702300000, 0x0000000702400000|  0%| F|  |TAMS 0x0000000702300000, 0x0000000702300000| Untracked 
|  36|0x0000000702400000, 0x0000000702400000, 0x0000000702500000|  0%| F|  |TAMS 0x0000000702400000, 0x0000000702400000| Untracked 
|  37|0x0000000702500000, 0x0000000702500000, 0x0000000702600000|  0%| F|  |TAMS 0x0000000702500000, 0x0000000702500000| Untracked 
|  38|0x0000000702600000, 0x0000000702600000, 0x0000000702700000|  0%| F|  |TAMS 0x0000000702600000, 0x0000000702600000| Untracked 
|  39|0x0000000702700000, 0x0000000702700000, 0x0000000702800000|  0%| F|  |TAMS 0x0000000702700000, 0x0000000702700000| Untracked 
|  40|0x0000000702800000, 0x0000000702800000, 0x0000000702900000|  0%| F|  |TAMS 0x0000000702800000, 0x0000000702800000| Untracked 
|  41|0x0000000702900000, 0x0000000702900000, 0x0000000702a00000|  0%| F|  |TAMS 0x0000000702900000, 0x0000000702900000| Untracked 
|  42|0x0000000702a00000, 0x0000000702a00000, 0x0000000702b00000|  0%| F|  |TAMS 0x0000000702a00000, 0x0000000702a00000| Untracked 
|  43|0x0000000702b00000, 0x0000000702b00000, 0x0000000702c00000|  0%| F|  |TAMS 0x0000000702b00000, 0x0000000702b00000| Untracked 
|  44|0x0000000702c00000, 0x0000000702c00000, 0x0000000702d00000|  0%| F|  |TAMS 0x0000000702c00000, 0x0000000702c00000| Untracked 
|  45|0x0000000702d00000, 0x0000000702d00000, 0x0000000702e00000|  0%| F|  |TAMS 0x0000000702d00000, 0x0000000702d00000| Untracked 
|  46|0x0000000702e00000, 0x0000000702e00000, 0x0000000702f00000|  0%| F|  |TAMS 0x0000000702e00000, 0x0000000702e00000| Untracked 
|  47|0x0000000702f00000, 0x0000000702f00000, 0x0000000703000000|  0%| F|  |TAMS 0x0000000702f00000, 0x0000000702f00000| Untracked 
|  48|0x0000000703000000, 0x0000000703000000, 0x0000000703100000|  0%| F|  |TAMS 0x0000000703000000, 0x0000000703000000| Untracked 
|  49|0x0000000703100000, 0x0000000703100000, 0x0000000703200000|  0%| F|  |TAMS 0x0000000703100000, 0x0000000703100000| Untracked 
|  50|0x0000000703200000, 0x0000000703200000, 0x0000000703300000|  0%| F|  |TAMS 0x0000000703200000, 0x0000000703200000| Untracked 
|  51|0x0000000703300000, 0x0000000703300000, 0x0000000703400000|  0%| F|  |TAMS 0x0000000703300000, 0x0000000703300000| Untracked 
|  52|0x0000000703400000, 0x0000000703400000, 0x0000000703500000|  0%| F|  |TAMS 0x0000000703400000, 0x0000000703400000| Untracked 
|  53|0x0000000703500000, 0x0000000703500000, 0x0000000703600000|  0%| F|  |TAMS 0x0000000703500000, 0x0000000703500000| Untracked 
|  54|0x0000000703600000, 0x0000000703600000, 0x0000000703700000|  0%| F|  |TAMS 0x0000000703600000, 0x0000000703600000| Untracked 
|  55|0x0000000703700000, 0x0000000703700000, 0x0000000703800000|  0%| F|  |TAMS 0x0000000703700000, 0x0000000703700000| Untracked 
|  56|0x0000000703800000, 0x0000000703800000, 0x0000000703900000|  0%| F|  |TAMS 0x0000000703800000, 0x0000000703800000| Untracked 
|  57|0x0000000703900000, 0x0000000703900000, 0x0000000703a00000|  0%| F|  |TAMS 0x0000000703900000, 0x0000000703900000| Untracked 
|  58|0x0000000703a00000, 0x0000000703a00000, 0x0000000703b00000|  0%| F|  |TAMS 0x0000000703a00000, 0x0000000703a00000| Untracked 
|  59|0x0000000703b00000, 0x0000000703b00000, 0x0000000703c00000|  0%| F|  |TAMS 0x0000000703b00000, 0x0000000703b00000| Untracked 
|  60|0x0000000703c00000, 0x0000000703c00000, 0x0000000703d00000|  0%| F|  |TAMS 0x0000000703c00000, 0x0000000703c00000| Untracked 
|  61|0x0000000703d00000, 0x0000000703d00000, 0x0000000703e00000|  0%| F|  |TAMS 0x0000000703d00000, 0x0000000703d00000| Untracked 
|  62|0x0000000703e00000, 0x0000000703e00000, 0x0000000703f00000|  0%| F|  |TAMS 0x0000000703e00000, 0x0000000703e00000| Untracked 
|  63|0x0000000703f00000, 0x0000000703f00000, 0x0000000704000000|  0%| F|  |TAMS 0x0000000703f00000, 0x0000000703f00000| Untracked 
|  64|0x0000000704000000, 0x0000000704000000, 0x0000000704100000|  0%| F|  |TAMS 0x0000000704000000, 0x0000000704000000| Untracked 
|  65|0x0000000704100000, 0x0000000704100000, 0x0000000704200000|  0%| F|  |TAMS 0x0000000704100000, 0x0000000704100000| Untracked 
|  66|0x0000000704200000, 0x0000000704200000, 0x0000000704300000|  0%| F|  |TAMS 0x0000000704200000, 0x0000000704200000| Untracked 
|  67|0x0000000704300000, 0x0000000704300000, 0x0000000704400000|  0%| F|  |TAMS 0x0000000704300000, 0x0000000704300000| Untracked 
|  68|0x0000000704400000, 0x0000000704400000, 0x0000000704500000|  0%| F|  |TAMS 0x0000000704400000, 0x0000000704400000| Untracked 
|  69|0x0000000704500000, 0x0000000704500000, 0x0000000704600000|  0%| F|  |TAMS 0x0000000704500000, 0x0000000704500000| Untracked 
|  70|0x0000000704600000, 0x0000000704600000, 0x0000000704700000|  0%| F|  |TAMS 0x0000000704600000, 0x0000000704600000| Untracked 
|  71|0x0000000704700000, 0x0000000704700000, 0x0000000704800000|  0%| F|  |TAMS 0x0000000704700000, 0x0000000704700000| Untracked 
|  72|0x0000000704800000, 0x0000000704800000, 0x0000000704900000|  0%| F|  |TAMS 0x0000000704800000, 0x0000000704800000| Untracked 
|  73|0x0000000704900000, 0x0000000704900000, 0x0000000704a00000|  0%| F|  |TAMS 0x0000000704900000, 0x0000000704900000| Untracked 
|  74|0x0000000704a00000, 0x0000000704a00000, 0x0000000704b00000|  0%| F|  |TAMS 0x0000000704a00000, 0x0000000704a00000| Untracked 
|  75|0x0000000704b00000, 0x0000000704b00000, 0x0000000704c00000|  0%| F|  |TAMS 0x0000000704b00000, 0x0000000704b00000| Untracked 
|  76|0x0000000704c00000, 0x0000000704c00000, 0x0000000704d00000|  0%| F|  |TAMS 0x0000000704c00000, 0x0000000704c00000| Untracked 
|  77|0x0000000704d00000, 0x0000000704d00000, 0x0000000704e00000|  0%| F|  |TAMS 0x0000000704d00000, 0x0000000704d00000| Untracked 
|  78|0x0000000704e00000, 0x0000000704e00000, 0x0000000704f00000|  0%| F|  |TAMS 0x0000000704e00000, 0x0000000704e00000| Untracked 
|  79|0x0000000704f00000, 0x0000000704f00000, 0x0000000705000000|  0%| F|  |TAMS 0x0000000704f00000, 0x0000000704f00000| Untracked 
|  80|0x0000000705000000, 0x0000000705000000, 0x0000000705100000|  0%| F|  |TAMS 0x0000000705000000, 0x0000000705000000| Untracked 
|  81|0x0000000705100000, 0x0000000705100000, 0x0000000705200000|  0%| F|  |TAMS 0x0000000705100000, 0x0000000705100000| Untracked 
|  82|0x0000000705200000, 0x0000000705200000, 0x0000000705300000|  0%| F|  |TAMS 0x0000000705200000, 0x0000000705200000| Untracked 
|  83|0x0000000705300000, 0x0000000705300000, 0x0000000705400000|  0%| F|  |TAMS 0x0000000705300000, 0x0000000705300000| Untracked 
|  84|0x0000000705400000, 0x0000000705400000, 0x0000000705500000|  0%| F|  |TAMS 0x0000000705400000, 0x0000000705400000| Untracked 
|  85|0x0000000705500000, 0x0000000705500000, 0x0000000705600000|  0%| F|  |TAMS 0x0000000705500000, 0x0000000705500000| Untracked 
|  86|0x0000000705600000, 0x0000000705600000, 0x0000000705700000|  0%| F|  |TAMS 0x0000000705600000, 0x0000000705600000| Untracked 
|  87|0x0000000705700000, 0x0000000705700000, 0x0000000705800000|  0%| F|  |TAMS 0x0000000705700000, 0x0000000705700000| Untracked 
|  88|0x0000000705800000, 0x0000000705800000, 0x0000000705900000|  0%| F|  |TAMS 0x0000000705800000, 0x0000000705800000| Untracked 
|  89|0x0000000705900000, 0x0000000705900000, 0x0000000705a00000|  0%| F|  |TAMS 0x0000000705900000, 0x0000000705900000| Untracked 
|  90|0x0000000705a00000, 0x0000000705a00000, 0x0000000705b00000|  0%| F|  |TAMS 0x0000000705a00000, 0x0000000705a00000| Untracked 
|  91|0x0000000705b00000, 0x0000000705b00000, 0x0000000705c00000|  0%| F|  |TAMS 0x0000000705b00000, 0x0000000705b00000| Untracked 
|  92|0x0000000705c00000, 0x0000000705c00000, 0x0000000705d00000|  0%| F|  |TAMS 0x0000000705c00000, 0x0000000705c00000| Untracked 
|  93|0x0000000705d00000, 0x0000000705d00000, 0x0000000705e00000|  0%| F|  |TAMS 0x0000000705d00000, 0x0000000705d00000| Untracked 
|  94|0x0000000705e00000, 0x0000000705e00000, 0x0000000705f00000|  0%| F|  |TAMS 0x0000000705e00000, 0x0000000705e00000| Untracked 
|  95|0x0000000705f00000, 0x0000000705f00000, 0x0000000706000000|  0%| F|  |TAMS 0x0000000705f00000, 0x0000000705f00000| Untracked 
|  96|0x0000000706000000, 0x0000000706000000, 0x0000000706100000|  0%| F|  |TAMS 0x0000000706000000, 0x0000000706000000| Untracked 
|  97|0x0000000706100000, 0x0000000706100000, 0x0000000706200000|  0%| F|  |TAMS 0x0000000706100000, 0x0000000706100000| Untracked 
|  98|0x0000000706200000, 0x0000000706200000, 0x0000000706300000|  0%| F|  |TAMS 0x0000000706200000, 0x0000000706200000| Untracked 
|  99|0x0000000706300000, 0x0000000706300000, 0x0000000706400000|  0%| F|  |TAMS 0x0000000706300000, 0x0000000706300000| Untracked 
| 100|0x0000000706400000, 0x0000000706400000, 0x0000000706500000|  0%| F|  |TAMS 0x0000000706400000, 0x0000000706400000| Untracked 
| 101|0x0000000706500000, 0x0000000706500000, 0x0000000706600000|  0%| F|  |TAMS 0x0000000706500000, 0x0000000706500000| Untracked 
| 102|0x0000000706600000, 0x0000000706600000, 0x0000000706700000|  0%| F|  |TAMS 0x0000000706600000, 0x0000000706600000| Untracked 
| 103|0x0000000706700000, 0x0000000706700000, 0x0000000706800000|  0%| F|  |TAMS 0x0000000706700000, 0x0000000706700000| Untracked 
| 104|0x0000000706800000, 0x0000000706800000, 0x0000000706900000|  0%| F|  |TAMS 0x0000000706800000, 0x0000000706800000| Untracked 
| 105|0x0000000706900000, 0x0000000706900000, 0x0000000706a00000|  0%| F|  |TAMS 0x0000000706900000, 0x0000000706900000| Untracked 
| 106|0x0000000706a00000, 0x0000000706a00000, 0x0000000706b00000|  0%| F|  |TAMS 0x0000000706a00000, 0x0000000706a00000| Untracked 
| 107|0x0000000706b00000, 0x0000000706b00000, 0x0000000706c00000|  0%| F|  |TAMS 0x0000000706b00000, 0x0000000706b00000| Untracked 
| 108|0x0000000706c00000, 0x0000000706c00000, 0x0000000706d00000|  0%| F|  |TAMS 0x0000000706c00000, 0x0000000706c00000| Untracked 
| 109|0x0000000706d00000, 0x0000000706d00000, 0x0000000706e00000|  0%| F|  |TAMS 0x0000000706d00000, 0x0000000706d00000| Untracked 
| 110|0x0000000706e00000, 0x0000000706e00000, 0x0000000706f00000|  0%| F|  |TAMS 0x0000000706e00000, 0x0000000706e00000| Untracked 
| 111|0x0000000706f00000, 0x0000000706f00000, 0x0000000707000000|  0%| F|  |TAMS 0x0000000706f00000, 0x0000000706f00000| Untracked 
| 112|0x0000000707000000, 0x0000000707000000, 0x0000000707100000|  0%| F|  |TAMS 0x0000000707000000, 0x0000000707000000| Untracked 
| 113|0x0000000707100000, 0x0000000707100000, 0x0000000707200000|  0%| F|  |TAMS 0x0000000707100000, 0x0000000707100000| Untracked 
| 114|0x0000000707200000, 0x0000000707200000, 0x0000000707300000|  0%| F|  |TAMS 0x0000000707200000, 0x0000000707200000| Untracked 
| 115|0x0000000707300000, 0x0000000707300000, 0x0000000707400000|  0%| F|  |TAMS 0x0000000707300000, 0x0000000707300000| Untracked 
| 116|0x0000000707400000, 0x0000000707400000, 0x0000000707500000|  0%| F|  |TAMS 0x0000000707400000, 0x0000000707400000| Untracked 
| 117|0x0000000707500000, 0x0000000707500000, 0x0000000707600000|  0%| F|  |TAMS 0x0000000707500000, 0x0000000707500000| Untracked 
| 118|0x0000000707600000, 0x0000000707600000, 0x0000000707700000|  0%| F|  |TAMS 0x0000000707600000, 0x0000000707600000| Untracked 
| 119|0x0000000707700000, 0x0000000707700000, 0x0000000707800000|  0%| F|  |TAMS 0x0000000707700000, 0x0000000707700000| Untracked 
| 120|0x0000000707800000, 0x0000000707800000, 0x0000000707900000|  0%| F|  |TAMS 0x0000000707800000, 0x0000000707800000| Untracked 
| 121|0x0000000707900000, 0x0000000707900000, 0x0000000707a00000|  0%| F|  |TAMS 0x0000000707900000, 0x0000000707900000| Untracked 
| 122|0x0000000707a00000, 0x0000000707a00000, 0x0000000707b00000|  0%| F|  |TAMS 0x0000000707a00000, 0x0000000707a00000| Untracked 
| 123|0x0000000707b00000, 0x0000000707b00000, 0x0000000707c00000|  0%| F|  |TAMS 0x0000000707b00000, 0x0000000707b00000| Untracked 
| 124|0x0000000707c00000, 0x0000000707c00000, 0x0000000707d00000|  0%| F|  |TAMS 0x0000000707c00000, 0x0000000707c00000| Untracked 
| 125|0x0000000707d00000, 0x0000000707d00000, 0x0000000707e00000|  0%| F|  |TAMS 0x0000000707d00000, 0x0000000707d00000| Untracked 
| 126|0x0000000707e00000, 0x0000000707e00000, 0x0000000707f00000|  0%| F|  |TAMS 0x0000000707e00000, 0x0000000707e00000| Untracked 
| 127|0x0000000707f00000, 0x0000000707f00000, 0x0000000708000000|  0%| F|  |TAMS 0x0000000707f00000, 0x0000000707f00000| Untracked 
| 128|0x0000000708000000, 0x0000000708000000, 0x0000000708100000|  0%| F|  |TAMS 0x0000000708000000, 0x0000000708000000| Untracked 
| 129|0x0000000708100000, 0x0000000708100000, 0x0000000708200000|  0%| F|  |TAMS 0x0000000708100000, 0x0000000708100000| Untracked 
| 130|0x0000000708200000, 0x0000000708200000, 0x0000000708300000|  0%| F|  |TAMS 0x0000000708200000, 0x0000000708200000| Untracked 
| 131|0x0000000708300000, 0x0000000708300000, 0x0000000708400000|  0%| F|  |TAMS 0x0000000708300000, 0x0000000708300000| Untracked 
| 132|0x0000000708400000, 0x0000000708400000, 0x0000000708500000|  0%| F|  |TAMS 0x0000000708400000, 0x0000000708400000| Untracked 
| 133|0x0000000708500000, 0x0000000708500000, 0x0000000708600000|  0%| F|  |TAMS 0x0000000708500000, 0x0000000708500000| Untracked 
| 134|0x0000000708600000, 0x0000000708600000, 0x0000000708700000|  0%| F|  |TAMS 0x0000000708600000, 0x0000000708600000| Untracked 
| 135|0x0000000708700000, 0x0000000708700000, 0x0000000708800000|  0%| F|  |TAMS 0x0000000708700000, 0x0000000708700000| Untracked 
| 136|0x0000000708800000, 0x0000000708800000, 0x0000000708900000|  0%| F|  |TAMS 0x0000000708800000, 0x0000000708800000| Untracked 
| 137|0x0000000708900000, 0x0000000708900000, 0x0000000708a00000|  0%| F|  |TAMS 0x0000000708900000, 0x0000000708900000| Untracked 
| 138|0x0000000708a00000, 0x0000000708a00000, 0x0000000708b00000|  0%| F|  |TAMS 0x0000000708a00000, 0x0000000708a00000| Untracked 
| 139|0x0000000708b00000, 0x0000000708b00000, 0x0000000708c00000|  0%| F|  |TAMS 0x0000000708b00000, 0x0000000708b00000| Untracked 
| 140|0x0000000708c00000, 0x0000000708c00000, 0x0000000708d00000|  0%| F|  |TAMS 0x0000000708c00000, 0x0000000708c00000| Untracked 
| 141|0x0000000708d00000, 0x0000000708d00000, 0x0000000708e00000|  0%| F|  |TAMS 0x0000000708d00000, 0x0000000708d00000| Untracked 
| 142|0x0000000708e00000, 0x0000000708e00000, 0x0000000708f00000|  0%| F|  |TAMS 0x0000000708e00000, 0x0000000708e00000| Untracked 
| 143|0x0000000708f00000, 0x0000000708f00000, 0x0000000709000000|  0%| F|  |TAMS 0x0000000708f00000, 0x0000000708f00000| Untracked 
| 144|0x0000000709000000, 0x0000000709000000, 0x0000000709100000|  0%| F|  |TAMS 0x0000000709000000, 0x0000000709000000| Untracked 
| 145|0x0000000709100000, 0x0000000709100000, 0x0000000709200000|  0%| F|  |TAMS 0x0000000709100000, 0x0000000709100000| Untracked 
| 146|0x0000000709200000, 0x0000000709200000, 0x0000000709300000|  0%| F|  |TAMS 0x0000000709200000, 0x0000000709200000| Untracked 
| 147|0x0000000709300000, 0x0000000709300000, 0x0000000709400000|  0%| F|  |TAMS 0x0000000709300000, 0x0000000709300000| Untracked 
| 148|0x0000000709400000, 0x0000000709400000, 0x0000000709500000|  0%| F|  |TAMS 0x0000000709400000, 0x0000000709400000| Untracked 
| 149|0x0000000709500000, 0x0000000709500000, 0x0000000709600000|  0%| F|  |TAMS 0x0000000709500000, 0x0000000709500000| Untracked 
| 150|0x0000000709600000, 0x0000000709600000, 0x0000000709700000|  0%| F|  |TAMS 0x0000000709600000, 0x0000000709600000| Untracked 
| 151|0x0000000709700000, 0x0000000709700000, 0x0000000709800000|  0%| F|  |TAMS 0x0000000709700000, 0x0000000709700000| Untracked 
| 152|0x0000000709800000, 0x0000000709800000, 0x0000000709900000|  0%| F|  |TAMS 0x0000000709800000, 0x0000000709800000| Untracked 
| 153|0x0000000709900000, 0x0000000709900000, 0x0000000709a00000|  0%| F|  |TAMS 0x0000000709900000, 0x0000000709900000| Untracked 
| 154|0x0000000709a00000, 0x0000000709a00000, 0x0000000709b00000|  0%| F|  |TAMS 0x0000000709a00000, 0x0000000709a00000| Untracked 
| 155|0x0000000709b00000, 0x0000000709b00000, 0x0000000709c00000|  0%| F|  |TAMS 0x0000000709b00000, 0x0000000709b00000| Untracked 
| 156|0x0000000709c00000, 0x0000000709c00000, 0x0000000709d00000|  0%| F|  |TAMS 0x0000000709c00000, 0x0000000709c00000| Untracked 
| 157|0x0000000709d00000, 0x0000000709d00000, 0x0000000709e00000|  0%| F|  |TAMS 0x0000000709d00000, 0x0000000709d00000| Untracked 
| 158|0x0000000709e00000, 0x0000000709e00000, 0x0000000709f00000|  0%| F|  |TAMS 0x0000000709e00000, 0x0000000709e00000| Untracked 
| 159|0x0000000709f00000, 0x0000000709f00000, 0x000000070a000000|  0%| F|  |TAMS 0x0000000709f00000, 0x0000000709f00000| Untracked 
| 160|0x000000070a000000, 0x000000070a000000, 0x000000070a100000|  0%| F|  |TAMS 0x000000070a000000, 0x000000070a000000| Untracked 
| 161|0x000000070a100000, 0x000000070a100000, 0x000000070a200000|  0%| F|  |TAMS 0x000000070a100000, 0x000000070a100000| Untracked 
| 162|0x000000070a200000, 0x000000070a200000, 0x000000070a300000|  0%| F|  |TAMS 0x000000070a200000, 0x000000070a200000| Untracked 
| 163|0x000000070a300000, 0x000000070a300000, 0x000000070a400000|  0%| F|  |TAMS 0x000000070a300000, 0x000000070a300000| Untracked 
| 164|0x000000070a400000, 0x000000070a400000, 0x000000070a500000|  0%| F|  |TAMS 0x000000070a400000, 0x000000070a400000| Untracked 
| 165|0x000000070a500000, 0x000000070a500000, 0x000000070a600000|  0%| F|  |TAMS 0x000000070a500000, 0x000000070a500000| Untracked 
| 166|0x000000070a600000, 0x000000070a600000, 0x000000070a700000|  0%| F|  |TAMS 0x000000070a600000, 0x000000070a600000| Untracked 
| 167|0x000000070a700000, 0x000000070a700000, 0x000000070a800000|  0%| F|  |TAMS 0x000000070a700000, 0x000000070a700000| Untracked 
| 168|0x000000070a800000, 0x000000070a800000, 0x000000070a900000|  0%| F|  |TAMS 0x000000070a800000, 0x000000070a800000| Untracked 
| 169|0x000000070a900000, 0x000000070a900000, 0x000000070aa00000|  0%| F|  |TAMS 0x000000070a900000, 0x000000070a900000| Untracked 
| 170|0x000000070aa00000, 0x000000070aa00000, 0x000000070ab00000|  0%| F|  |TAMS 0x000000070aa00000, 0x000000070aa00000| Untracked 
| 171|0x000000070ab00000, 0x000000070ab00000, 0x000000070ac00000|  0%| F|  |TAMS 0x000000070ab00000, 0x000000070ab00000| Untracked 
| 172|0x000000070ac00000, 0x000000070ac00000, 0x000000070ad00000|  0%| F|  |TAMS 0x000000070ac00000, 0x000000070ac00000| Untracked 
| 173|0x000000070ad00000, 0x000000070ad00000, 0x000000070ae00000|  0%| F|  |TAMS 0x000000070ad00000, 0x000000070ad00000| Untracked 
| 174|0x000000070ae00000, 0x000000070ae00000, 0x000000070af00000|  0%| F|  |TAMS 0x000000070ae00000, 0x000000070ae00000| Untracked 
| 175|0x000000070af00000, 0x000000070af00000, 0x000000070b000000|  0%| F|  |TAMS 0x000000070af00000, 0x000000070af00000| Untracked 
| 176|0x000000070b000000, 0x000000070b000000, 0x000000070b100000|  0%| F|  |TAMS 0x000000070b000000, 0x000000070b000000| Untracked 
| 177|0x000000070b100000, 0x000000070b100000, 0x000000070b200000|  0%| F|  |TAMS 0x000000070b100000, 0x000000070b100000| Untracked 
| 178|0x000000070b200000, 0x000000070b200000, 0x000000070b300000|  0%| F|  |TAMS 0x000000070b200000, 0x000000070b200000| Untracked 
| 179|0x000000070b300000, 0x000000070b300000, 0x000000070b400000|  0%| F|  |TAMS 0x000000070b300000, 0x000000070b300000| Untracked 
| 180|0x000000070b400000, 0x000000070b400000, 0x000000070b500000|  0%| F|  |TAMS 0x000000070b400000, 0x000000070b400000| Untracked 
| 181|0x000000070b500000, 0x000000070b500000, 0x000000070b600000|  0%| F|  |TAMS 0x000000070b500000, 0x000000070b500000| Untracked 
| 182|0x000000070b600000, 0x000000070b600000, 0x000000070b700000|  0%| F|  |TAMS 0x000000070b600000, 0x000000070b600000| Untracked 
| 183|0x000000070b700000, 0x000000070b700000, 0x000000070b800000|  0%| F|  |TAMS 0x000000070b700000, 0x000000070b700000| Untracked 
| 184|0x000000070b800000, 0x000000070b800000, 0x000000070b900000|  0%| F|  |TAMS 0x000000070b800000, 0x000000070b800000| Untracked 
| 185|0x000000070b900000, 0x000000070b900000, 0x000000070ba00000|  0%| F|  |TAMS 0x000000070b900000, 0x000000070b900000| Untracked 
| 186|0x000000070ba00000, 0x000000070ba00000, 0x000000070bb00000|  0%| F|  |TAMS 0x000000070ba00000, 0x000000070ba00000| Untracked 
| 187|0x000000070bb00000, 0x000000070bb00000, 0x000000070bc00000|  0%| F|  |TAMS 0x000000070bb00000, 0x000000070bb00000| Untracked 
| 188|0x000000070bc00000, 0x000000070bc00000, 0x000000070bd00000|  0%| F|  |TAMS 0x000000070bc00000, 0x000000070bc00000| Untracked 
| 189|0x000000070bd00000, 0x000000070bd00000, 0x000000070be00000|  0%| F|  |TAMS 0x000000070bd00000, 0x000000070bd00000| Untracked 
| 190|0x000000070be00000, 0x000000070be00000, 0x000000070bf00000|  0%| F|  |TAMS 0x000000070be00000, 0x000000070be00000| Untracked 
| 191|0x000000070bf00000, 0x000000070bf00000, 0x000000070c000000|  0%| F|  |TAMS 0x000000070bf00000, 0x000000070bf00000| Untracked 
| 192|0x000000070c000000, 0x000000070c000000, 0x000000070c100000|  0%| F|  |TAMS 0x000000070c000000, 0x000000070c000000| Untracked 
| 193|0x000000070c100000, 0x000000070c100000, 0x000000070c200000|  0%| F|  |TAMS 0x000000070c100000, 0x000000070c100000| Untracked 
| 194|0x000000070c200000, 0x000000070c200000, 0x000000070c300000|  0%| F|  |TAMS 0x000000070c200000, 0x000000070c200000| Untracked 
| 195|0x000000070c300000, 0x000000070c300000, 0x000000070c400000|  0%| F|  |TAMS 0x000000070c300000, 0x000000070c300000| Untracked 
| 196|0x000000070c400000, 0x000000070c400000, 0x000000070c500000|  0%| F|  |TAMS 0x000000070c400000, 0x000000070c400000| Untracked 
| 197|0x000000070c500000, 0x000000070c500000, 0x000000070c600000|  0%| F|  |TAMS 0x000000070c500000, 0x000000070c500000| Untracked 
| 198|0x000000070c600000, 0x000000070c600000, 0x000000070c700000|  0%| F|  |TAMS 0x000000070c600000, 0x000000070c600000| Untracked 
| 199|0x000000070c700000, 0x000000070c700000, 0x000000070c800000|  0%| F|  |TAMS 0x000000070c700000, 0x000000070c700000| Untracked 
| 200|0x000000070c800000, 0x000000070c800000, 0x000000070c900000|  0%| F|  |TAMS 0x000000070c800000, 0x000000070c800000| Untracked 
| 201|0x000000070c900000, 0x000000070c900000, 0x000000070ca00000|  0%| F|  |TAMS 0x000000070c900000, 0x000000070c900000| Untracked 
| 202|0x000000070ca00000, 0x000000070ca00000, 0x000000070cb00000|  0%| F|  |TAMS 0x000000070ca00000, 0x000000070ca00000| Untracked 
| 203|0x000000070cb00000, 0x000000070cb00000, 0x000000070cc00000|  0%| F|  |TAMS 0x000000070cb00000, 0x000000070cb00000| Untracked 
| 204|0x000000070cc00000, 0x000000070cc00000, 0x000000070cd00000|  0%| F|  |TAMS 0x000000070cc00000, 0x000000070cc00000| Untracked 
| 205|0x000000070cd00000, 0x000000070cd00000, 0x000000070ce00000|  0%| F|  |TAMS 0x000000070cd00000, 0x000000070cd00000| Untracked 
| 206|0x000000070ce00000, 0x000000070ce00000, 0x000000070cf00000|  0%| F|  |TAMS 0x000000070ce00000, 0x000000070ce00000| Untracked 
| 207|0x000000070cf00000, 0x000000070cf00000, 0x000000070d000000|  0%| F|  |TAMS 0x000000070cf00000, 0x000000070cf00000| Untracked 
| 208|0x000000070d000000, 0x000000070d000000, 0x000000070d100000|  0%| F|  |TAMS 0x000000070d000000, 0x000000070d000000| Untracked 
| 209|0x000000070d100000, 0x000000070d100000, 0x000000070d200000|  0%| F|  |TAMS 0x000000070d100000, 0x000000070d100000| Untracked 
| 210|0x000000070d200000, 0x000000070d200000, 0x000000070d300000|  0%| F|  |TAMS 0x000000070d200000, 0x000000070d200000| Untracked 
| 211|0x000000070d300000, 0x000000070d300000, 0x000000070d400000|  0%| F|  |TAMS 0x000000070d300000, 0x000000070d300000| Untracked 
| 212|0x000000070d400000, 0x000000070d400000, 0x000000070d500000|  0%| F|  |TAMS 0x000000070d400000, 0x000000070d400000| Untracked 
| 213|0x000000070d500000, 0x000000070d500000, 0x000000070d600000|  0%| F|  |TAMS 0x000000070d500000, 0x000000070d500000| Untracked 
| 214|0x000000070d600000, 0x000000070d600000, 0x000000070d700000|  0%| F|  |TAMS 0x000000070d600000, 0x000000070d600000| Untracked 
| 215|0x000000070d700000, 0x000000070d700000, 0x000000070d800000|  0%| F|  |TAMS 0x000000070d700000, 0x000000070d700000| Untracked 
| 216|0x000000070d800000, 0x000000070d800000, 0x000000070d900000|  0%| F|  |TAMS 0x000000070d800000, 0x000000070d800000| Untracked 
| 217|0x000000070d900000, 0x000000070d900000, 0x000000070da00000|  0%| F|  |TAMS 0x000000070d900000, 0x000000070d900000| Untracked 
| 218|0x000000070da00000, 0x000000070da00000, 0x000000070db00000|  0%| F|  |TAMS 0x000000070da00000, 0x000000070da00000| Untracked 
| 219|0x000000070db00000, 0x000000070db00000, 0x000000070dc00000|  0%| F|  |TAMS 0x000000070db00000, 0x000000070db00000| Untracked 
| 220|0x000000070dc00000, 0x000000070dc00000, 0x000000070dd00000|  0%| F|  |TAMS 0x000000070dc00000, 0x000000070dc00000| Untracked 
| 221|0x000000070dd00000, 0x000000070dd00000, 0x000000070de00000|  0%| F|  |TAMS 0x000000070dd00000, 0x000000070dd00000| Untracked 
| 222|0x000000070de00000, 0x000000070de00000, 0x000000070df00000|  0%| F|  |TAMS 0x000000070de00000, 0x000000070de00000| Untracked 
| 223|0x000000070df00000, 0x000000070df00000, 0x000000070e000000|  0%| F|  |TAMS 0x000000070df00000, 0x000000070df00000| Untracked 
| 224|0x000000070e000000, 0x000000070e000000, 0x000000070e100000|  0%| F|  |TAMS 0x000000070e000000, 0x000000070e000000| Untracked 
| 225|0x000000070e100000, 0x000000070e100000, 0x000000070e200000|  0%| F|  |TAMS 0x000000070e100000, 0x000000070e100000| Untracked 
| 226|0x000000070e200000, 0x000000070e200000, 0x000000070e300000|  0%| F|  |TAMS 0x000000070e200000, 0x000000070e200000| Untracked 
| 227|0x000000070e300000, 0x000000070e300000, 0x000000070e400000|  0%| F|  |TAMS 0x000000070e300000, 0x000000070e300000| Untracked 
| 228|0x000000070e400000, 0x000000070e400000, 0x000000070e500000|  0%| F|  |TAMS 0x000000070e400000, 0x000000070e400000| Untracked 
| 229|0x000000070e500000, 0x000000070e600000, 0x000000070e600000|100%| S|  |TAMS 0x000000070e500000, 0x000000070e500000| Complete 
| 230|0x000000070e600000, 0x000000070e700000, 0x000000070e700000|100%| S|  |TAMS 0x000000070e600000, 0x000000070e600000| Complete 
| 231|0x000000070e700000, 0x000000070e800000, 0x000000070e800000|100%| S|  |TAMS 0x000000070e700000, 0x000000070e700000| Complete 
| 232|0x000000070e800000, 0x000000070e900000, 0x000000070e900000|100%| E|CS|TAMS 0x000000070e800000, 0x000000070e800000| Complete 
| 233|0x000000070e900000, 0x000000070ea00000, 0x000000070ea00000|100%| E|CS|TAMS 0x000000070e900000, 0x000000070e900000| Complete 
| 234|0x000000070ea00000, 0x000000070eb00000, 0x000000070eb00000|100%| E|CS|TAMS 0x000000070ea00000, 0x000000070ea00000| Complete 
| 235|0x000000070eb00000, 0x000000070ec00000, 0x000000070ec00000|100%| E|CS|TAMS 0x000000070eb00000, 0x000000070eb00000| Complete 
| 236|0x000000070ec00000, 0x000000070ed00000, 0x000000070ed00000|100%| E|CS|TAMS 0x000000070ec00000, 0x000000070ec00000| Complete 
| 237|0x000000070ed00000, 0x000000070ee00000, 0x000000070ee00000|100%| E|CS|TAMS 0x000000070ed00000, 0x000000070ed00000| Complete 
| 238|0x000000070ee00000, 0x000000070ef00000, 0x000000070ef00000|100%| E|CS|TAMS 0x000000070ee00000, 0x000000070ee00000| Complete 
| 239|0x000000070ef00000, 0x000000070f000000, 0x000000070f000000|100%| E|CS|TAMS 0x000000070ef00000, 0x000000070ef00000| Complete 
| 240|0x000000070f000000, 0x000000070f100000, 0x000000070f100000|100%| E|CS|TAMS 0x000000070f000000, 0x000000070f000000| Complete 
| 241|0x000000070f100000, 0x000000070f200000, 0x000000070f200000|100%| E|CS|TAMS 0x000000070f100000, 0x000000070f100000| Complete 
| 242|0x000000070f200000, 0x000000070f300000, 0x000000070f300000|100%| E|CS|TAMS 0x000000070f200000, 0x000000070f200000| Complete 
| 243|0x000000070f300000, 0x000000070f400000, 0x000000070f400000|100%| E|CS|TAMS 0x000000070f300000, 0x000000070f300000| Complete 
| 244|0x000000070f400000, 0x000000070f500000, 0x000000070f500000|100%| E|CS|TAMS 0x000000070f400000, 0x000000070f400000| Complete 
| 245|0x000000070f500000, 0x000000070f600000, 0x000000070f600000|100%| E|CS|TAMS 0x000000070f500000, 0x000000070f500000| Complete 
| 246|0x000000070f600000, 0x000000070f700000, 0x000000070f700000|100%| E|CS|TAMS 0x000000070f600000, 0x000000070f600000| Complete 
| 247|0x000000070f700000, 0x000000070f800000, 0x000000070f800000|100%| E|CS|TAMS 0x000000070f700000, 0x000000070f700000| Complete 
| 248|0x000000070f800000, 0x000000070f900000, 0x000000070f900000|100%| E|CS|TAMS 0x000000070f800000, 0x000000070f800000| Complete 
| 249|0x000000070f900000, 0x000000070fa00000, 0x000000070fa00000|100%| E|CS|TAMS 0x000000070f900000, 0x000000070f900000| Complete 
| 250|0x000000070fa00000, 0x000000070fb00000, 0x000000070fb00000|100%| E|CS|TAMS 0x000000070fa00000, 0x000000070fa00000| Complete 
| 251|0x000000070fb00000, 0x000000070fc00000, 0x000000070fc00000|100%| E|CS|TAMS 0x000000070fb00000, 0x000000070fb00000| Complete 
| 252|0x000000070fc00000, 0x000000070fd00000, 0x000000070fd00000|100%| E|CS|TAMS 0x000000070fc00000, 0x000000070fc00000| Complete 
| 253|0x000000070fd00000, 0x000000070fe00000, 0x000000070fe00000|100%| E|CS|TAMS 0x000000070fd00000, 0x000000070fd00000| Complete 
| 254|0x000000070fe00000, 0x000000070ff00000, 0x000000070ff00000|100%| E|CS|TAMS 0x000000070fe00000, 0x000000070fe00000| Complete 
| 255|0x000000070ff00000, 0x0000000710000000, 0x0000000710000000|100%| E|CS|TAMS 0x000000070ff00000, 0x000000070ff00000| Complete 
|3070|0x00000007bfe00000, 0x00000007bfe47000, 0x00000007bff00000| 27%|OA|  |TAMS 0x00000007bfe00000, 0x00000007bfe00000| Untracked 
|3071|0x00000007bff00000, 0x00000007bff77000, 0x00000007c0000000| 46%|CA|  |TAMS 0x00000007bff00000, 0x00000007bff00000| Untracked 

Card table byte_map: [0x0000000113378000,0x0000000113b78000] _byte_map_base: 0x000000010fb78000

Marking Bits (Prev, Next): (CMBitMap*) 0x00007f865103c218, (CMBitMap*) 0x00007f865103c258
 Prev Bits: [0x0000000125ce5000, 0x0000000129ce5000)
 Next Bits: [0x0000000129ce5000, 0x000000012dce5000)

Polling page: 0x00000001099e2000

Metaspace:

Usage:
  Non-class:      7.08 MB capacity,     6.96 MB ( 98%) used,   102.85 KB (  1%) free+waste,    12.38 KB ( <1%) overhead. 
      Class:    931.00 KB capacity,   867.29 KB ( 93%) used,    57.34 KB (  6%) free+waste,     6.38 KB ( <1%) overhead. 
       Both:      7.98 MB capacity,     7.81 MB ( 98%) used,   160.19 KB (  2%) free+waste,    18.75 KB ( <1%) overhead. 

Virtual space:
  Non-class space:        8.00 MB reserved,       7.25 MB ( 91%) committed 
      Class space:        1.00 GB reserved,       1.00 MB ( <1%) committed 
             Both:        1.01 GB reserved,       8.25 MB ( <1%) committed 

Chunk freelists:
   Non-Class:  31.00 KB
       Class:  29.00 KB
        Both:  60.00 KB

MaxMetaspaceSize: unlimited
CompressedClassSpaceSize: 1.00 GB

CodeHeap 'non-profiled nmethods': size=120028Kb used=328Kb max_used=328Kb free=119699Kb
 bounds [0x000000011e7ae000, 0x000000011ea1e000, 0x0000000125ce5000]
CodeHeap 'profiled nmethods': size=120028Kb used=2102Kb max_used=2102Kb free=117925Kb
 bounds [0x0000000117277000, 0x00000001174e7000, 0x000000011e7ae000]
CodeHeap 'non-nmethods': size=5704Kb used=1234Kb max_used=1247Kb free=4469Kb
 bounds [0x0000000116ce5000, 0x0000000116f55000, 0x0000000117277000]
 total_blobs=1688 nmethods=981 adapters=334
 compilation: enabled
              stopped_count=0, restarted_count=0
 full_count=0

Compilation events (20 events):
Event: 1256.097 Thread 0x00007f8650004800 nmethod 1027 0x000000011747c090 code [0x000000011747c240, 0x000000011747c4a8]
Event: 1256.097 Thread 0x00007f8650004800 1029       3       java.lang.reflect.Constructor::newInstance (34 bytes)
Event: 1256.098 Thread 0x00007f8650004800 nmethod 1029 0x000000011747c590 code [0x000000011747c740, 0x000000011747c9f8]
Event: 1256.098 Thread 0x00007f8650004800 1025       1       java.util.Collections$EmptyMap::get (2 bytes)
Event: 1256.098 Thread 0x00007f8650004800 nmethod 1025 0x000000011e7ffe90 code [0x000000011e800020, 0x000000011e800150]
Event: 1256.098 Thread 0x00007f8650004800 1035   !   3       sun.security.util.DerValue::getDataBytes (41 bytes)
Event: 1256.098 Thread 0x00007f8650004800 nmethod 1035 0x000000011747cb10 code [0x000000011747cd20, 0x000000011747d878]
Event: 1256.098 Thread 0x00007f8650004800 1036       3       java.lang.String::compareTo (9 bytes)
Event: 1256.098 Thread 0x00007f8650004800 nmethod 1036 0x000000011747dc90 code [0x000000011747de40, 0x000000011747e108]
Event: 1256.098 Thread 0x00007f8650004800 1039       3       java.lang.StringLatin1::compareTo (52 bytes)
Event: 1256.099 Thread 0x00007f8650004800 nmethod 1039 0x000000011747e210 code [0x000000011747e3e0, 0x000000011747e7f0]
Event: 1256.099 Thread 0x00007f8650004800 1037       3       java.lang.Integer::parseInt (7 bytes)
Event: 1256.099 Thread 0x00007f8650004800 nmethod 1037 0x000000011747ea10 code [0x000000011747ebc0, 0x000000011747ed28]
Event: 1256.099 Thread 0x00007f8650004800 1038       3       sun.security.x509.X509AttributeName::<init> (55 bytes)
Event: 1256.099 Thread 0x00007f8650004800 nmethod 1038 0x000000011747ee10 code [0x000000011747f020, 0x000000011747f6f8]
Event: 1256.099 Thread 0x00007f8650004800 1040       3       sun.security.x509.X509CertInfo::get (289 bytes)
Event: 1256.100 Thread 0x00007f8650004800 nmethod 1040 0x000000011747f910 code [0x000000011747fd60, 0x0000000117481b58]
Event: 1256.100 Thread 0x00007f8650004800 1042       3       java.util.Properties::loadConvert (544 bytes)
Event: 1256.101 Thread 0x00007f8650004800 nmethod 1042 0x0000000117482590 code [0x00000001174828c0, 0x0000000117484148]
Event: 1256.101 Thread 0x00007f8650004800 1047       3       java.io.DataInputStream::readUTF (501 bytes)

GC Heap History (1 events):
Event: 1256.102 GC heap before
{Heap before GC invocations=0 (full 0):
 garbage-first heap   total 264192K, used 25336K [0x0000000700000000, 0x0000000800000000)
  region size 1024K, 24 young (24576K), 0 survivors (0K)
 Metaspace       used 7997K, capacity 8176K, committed 8448K, reserved 1056768K
  class space    used 867K, capacity 931K, committed 1024K, reserved 1048576K
}

Deoptimization events (20 events):
Event: 1256.022 Thread 0x00007f8651007000 Uncommon trap: trap_request=0xffffff45 fr.pc=0x000000011e7e1b6c relative=0x00000000000000cc
Event: 1256.022 Thread 0x00007f8651007000 Uncommon trap: reason=unstable_if action=reinterpret pc=0x000000011e7e1b6c method=java.lang.CharacterDataLatin1.digit(II)I @ 12 c2
Event: 1256.022 Thread 0x00007f8651007000 DEOPT PACKING pc=0x000000011e7e1b6c sp=0x0000700002916ed0
Event: 1256.022 Thread 0x00007f8651007000 DEOPT UNPACKING pc=0x0000000116d2de25 sp=0x0000700002916e78 mode 2
Event: 1256.035 Thread 0x00007f8651007000 Uncommon trap: trap_request=0xffffff45 fr.pc=0x000000011e7ebff4 relative=0x00000000000002d4
Event: 1256.035 Thread 0x00007f8651007000 Uncommon trap: reason=unstable_if action=reinterpret pc=0x000000011e7ebff4 method=java.util.HashMap.putVal(ILjava/lang/Object;Ljava/lang/Object;ZZ)Ljava/lang/Object; @ 162 c2
Event: 1256.035 Thread 0x00007f8651007000 DEOPT PACKING pc=0x000000011e7ebff4 sp=0x00007000029161f0
Event: 1256.035 Thread 0x00007f8651007000 DEOPT UNPACKING pc=0x0000000116d2de25 sp=0x00007000029161d0 mode 2
Event: 1256.036 Thread 0x00007f8651007000 Uncommon trap: trap_request=0xffffff45 fr.pc=0x000000011e7f2b5c relative=0x000000000000049c
Event: 1256.036 Thread 0x00007f8651007000 Uncommon trap: reason=unstable_if action=reinterpret pc=0x000000011e7f2b5c method=java.util.regex.Pattern$SliceI.match(Ljava/util/regex/Matcher;ILjava/lang/CharSequence;)Z @ 29 c2
Event: 1256.036 Thread 0x00007f8651007000 DEOPT PACKING pc=0x000000011e7f2b5c sp=0x0000700002916c20
Event: 1256.036 Thread 0x00007f8651007000 DEOPT UNPACKING pc=0x0000000116d2de25 sp=0x0000700002916be8 mode 2
Event: 1256.045 Thread 0x00007f8651007000 DEOPT PACKING pc=0x000000011741718c sp=0x00007000029160f0
Event: 1256.045 Thread 0x00007f8651007000 DEOPT UNPACKING pc=0x0000000116d2e33a sp=0x0000700002915640 mode 1
Event: 1256.045 Thread 0x00007f8651007000 DEOPT PACKING pc=0x0000000117444d3c sp=0x0000700002916200
Event: 1256.045 Thread 0x00007f8651007000 DEOPT UNPACKING pc=0x0000000116d2e33a sp=0x0000700002915778 mode 1
Event: 1256.059 Thread 0x00007f8651007000 DEOPT PACKING pc=0x000000011741718c sp=0x0000700002916040
Event: 1256.059 Thread 0x00007f8651007000 DEOPT UNPACKING pc=0x0000000116d2e33a sp=0x0000700002915590 mode 1
Event: 1256.059 Thread 0x00007f8651007000 DEOPT PACKING pc=0x0000000117444d3c sp=0x0000700002916150
Event: 1256.059 Thread 0x00007f8651007000 DEOPT UNPACKING pc=0x0000000116d2e33a sp=0x00007000029156c8 mode 1

Classes unloaded (0 events):
No events

Classes redefined (20 events):
Event: 181.826 Thread 0x00007f8653002800 redefined class name=webscrape.WebScrape, count=4
Event: 183.912 Thread 0x00007f8653002800 redefined class name=webscrape.WebScrape, count=5
Event: 218.069 Thread 0x00007f8653002800 redefined class name=webscrape.WebScrape, count=6
Event: 225.570 Thread 0x00007f8653002800 redefined class name=webscrape.WebScrape, count=7
Event: 251.222 Thread 0x00007f8653002800 redefined class name=webscrape.WebScrape, count=8
Event: 305.083 Thread 0x00007f8653002800 redefined class name=webscrape.WebScrape, count=9
Event: 313.598 Thread 0x00007f8653002800 redefined class name=webscrape.WebScrape, count=10
Event: 336.817 Thread 0x00007f8653002800 redefined class name=webscrape.WebScrape, count=11
Event: 420.783 Thread 0x00007f8653002800 redefined class name=webscrape.WebScrape, count=12
Event: 423.878 Thread 0x00007f8653002800 redefined class name=webscrape.WebScrape, count=13
Event: 437.670 Thread 0x00007f8653002800 redefined class name=webscrape.WebScrape, count=14
Event: 468.825 Thread 0x00007f8653002800 redefined class name=webscrape.WebScrape, count=15
Event: 472.290 Thread 0x00007f8653002800 redefined class name=webscrape.WebScrape, count=16
Event: 474.657 Thread 0x00007f8653002800 redefined class name=webscrape.WebScrape, count=17
Event: 536.118 Thread 0x00007f8653002800 redefined class name=webscrape.WebScrape, count=18
Event: 594.782 Thread 0x00007f8653002800 redefined class name=webscrape.WebScrape, count=19
Event: 645.130 Thread 0x00007f8653002800 redefined class name=webscrape.WebScrape, count=20
Event: 668.842 Thread 0x00007f8653002800 redefined class name=webscrape.WebScrape, count=21
Event: 685.894 Thread 0x00007f8653002800 redefined class name=webscrape.WebScrape, count=22
Event: 691.322 Thread 0x00007f8653002800 redefined class name=webscrape.WebScrape, count=23

Internal exceptions (5 events):
Event: 0.291 Thread 0x00007f8651007000 Exception <a 'java/lang/NoSuchMethodError'{0x000000070fa59978}: 'int java.lang.invoke.DirectMethodHandle$Holder.invokeSpecialIFC(java.lang.Object, java.lang.Object, int)'> (0x000000070fa59978) 
thrown [/scratch/mesos/slaves/d65fa3d4-10de-46aa-a2db-52cc9981537a-S157/frameworks/1735e8a2-a1db-478c-8104-60c8b0af87dd-0196/executors/cd04c109-7866-4c89-a9cb-580d1b4b0057/runs/bdf96710-70fa-465f-a6db-19a171d6559f/workspace/open/src/hotspot/share/interpreter/linkResolver.cpp, line 767]
Event: 1255.840 Thread 0x00007f8651007000 Exception <a 'java/lang/NoSuchMethodError'{0x000000070f38d698}: 'int java.lang.invoke.DirectMethodHandle$Holder.invokeStaticInit(java.lang.Object, java.lang.Object, java.lang.Object, java.lang.Object)'> (0x000000070f38d698) 
thrown [/scratch/mesos/slaves/d65fa3d4-10de-46aa-a2db-52cc9981537a-S157/frameworks/1735e8a2-a1db-478c-8104-60c8b0af87dd-0196/executors/cd04c109-7866-4c89-a9cb-580d1b4b0057/runs/bdf96710-70fa-465f-a6db-19a171d6559f/workspace/open/src/hotspot/share/interpreter/linkResolver.cpp, line 767]
Event: 1255.841 Thread 0x00007f8651007000 Exception <a 'java/lang/IncompatibleClassChangeError'{0x000000070f396448}: Found class java.lang.Object, but interface was expected> (0x000000070f396448) 
thrown [/scratch/mesos/slaves/d65fa3d4-10de-46aa-a2db-52cc9981537a-S157/frameworks/1735e8a2-a1db-478c-8104-60c8b0af87dd-0196/executors/cd04c109-7866-4c89-a9cb-580d1b4b0057/runs/bdf96710-70fa-465f-a6db-19a171d6559f/workspace/open/src/hotspot/share/interpreter/linkResolver.cpp, line 833]
Event: 1255.841 Thread 0x00007f8651007000 Exception <a 'java/lang/NoSuchMethodError'{0x000000070f399cd8}: 'void java.lang.invoke.DirectMethodHandle$Holder.invokeStaticInit(java.lang.Object, java.lang.Object)'> (0x000000070f399cd8) 
thrown [/scratch/mesos/slaves/d65fa3d4-10de-46aa-a2db-52cc9981537a-S157/frameworks/1735e8a2-a1db-478c-8104-60c8b0af87dd-0196/executors/cd04c109-7866-4c89-a9cb-580d1b4b0057/runs/bdf96710-70fa-465f-a6db-19a171d6559f/workspace/open/src/hotspot/share/interpreter/linkResolver.cpp, line 767]
Event: 1255.842 Thread 0x00007f8651007000 Exception <a 'java/lang/NoSuchMethodError'{0x000000070f3a1588}: 'int java.lang.invoke.DirectMethodHandle$Holder.invokeStaticInit(java.lang.Object, java.lang.Object)'> (0x000000070f3a1588) 
thrown [/scratch/mesos/slaves/d65fa3d4-10de-46aa-a2db-52cc9981537a-S157/frameworks/1735e8a2-a1db-478c-8104-60c8b0af87dd-0196/executors/cd04c109-7866-4c89-a9cb-580d1b4b0057/runs/bdf96710-70fa-465f-a6db-19a171d6559f/workspace/open/src/hotspot/share/interpreter/linkResolver.cpp, line 767]

Events (20 events):
Event: 1256.098 loading class java/security/cert/CertPathHelperImpl done
Event: 1256.098 loading class java/util/TreeMap$Values
Event: 1256.098 loading class java/util/TreeMap$Values done
Event: 1256.098 loading class java/util/TreeMap$ValueIterator
Event: 1256.098 loading class java/util/TreeMap$ValueIterator done
Event: 1256.099 loading class java/security/cert/CertificateParsingException
Event: 1256.099 loading class java/security/cert/CertificateParsingException done
Event: 1256.099 loading class sun/security/provider/certpath/UntrustedChecker
Event: 1256.099 loading class sun/security/provider/certpath/UntrustedChecker done
Event: 1256.099 loading class sun/security/util/UntrustedCertificates
Event: 1256.099 loading class sun/security/util/UntrustedCertificates done
Event: 1256.099 loading class sun/security/util/UntrustedCertificates$1
Event: 1256.099 loading class sun/security/util/UntrustedCertificates$1 done
Event: 1256.100 loading class sun/security/util/AnchorCertificates
Event: 1256.100 loading class sun/security/util/AnchorCertificates done
Event: 1256.100 loading class sun/security/util/AnchorCertificates$1
Event: 1256.100 loading class sun/security/util/AnchorCertificates$1 done
Event: 1256.101 loading class sun/security/provider/JavaKeyStore$DualFormatJKS
Event: 1256.101 loading class sun/security/provider/JavaKeyStore$DualFormatJKS done
Event: 1256.102 Executing VM operation: G1CollectForAllocation


Dynamic libraries:
0x00007fff675cc000 	/usr/lib/libz.1.dylib
0x000000010739e000 	/Library/Java/JavaVirtualMachines/jdk-13.0.2.jdk/Contents/Home/lib/libjli.dylib
0x00007fff2fd6a000 	/System/Library/Frameworks/Cocoa.framework/Versions/A/Cocoa
0x00007fff3d338000 	/System/Library/Frameworks/Security.framework/Versions/A/Security
0x00007fff2ecf4000 	/System/Library/Frameworks/ApplicationServices.framework/Versions/A/ApplicationServices
0x00007fff6509b000 	/usr/lib/libSystem.B.dylib
0x00007fff68042000 	/usr/lib/system/libcache.dylib
0x00007fff68048000 	/usr/lib/system/libcommonCrypto.dylib
0x00007fff68054000 	/usr/lib/system/libcompiler_rt.dylib
0x00007fff6805c000 	/usr/lib/system/libcopyfile.dylib
0x00007fff68066000 	/usr/lib/system/libcorecrypto.dylib
0x00007fff68214000 	/usr/lib/system/libdispatch.dylib
0x00007fff68256000 	/usr/lib/system/libdyld.dylib
0x00007fff6828c000 	/usr/lib/system/libkeymgr.dylib
0x00007fff6829a000 	/usr/lib/system/liblaunch.dylib
0x00007fff6829b000 	/usr/lib/system/libmacho.dylib
0x00007fff682a1000 	/usr/lib/system/libquarantine.dylib
0x00007fff682a4000 	/usr/lib/system/libremovefile.dylib
0x00007fff682a6000 	/usr/lib/system/libsystem_asl.dylib
0x00007fff682be000 	/usr/lib/system/libsystem_blocks.dylib
0x00007fff682bf000 	/usr/lib/system/libsystem_c.dylib
0x00007fff68347000 	/usr/lib/system/libsystem_configuration.dylib
0x00007fff6834b000 	/usr/lib/system/libsystem_coreservices.dylib
0x00007fff6834f000 	/usr/lib/system/libsystem_darwin.dylib
0x00007fff68358000 	/usr/lib/system/libsystem_dnssd.dylib
0x00007fff68360000 	/usr/lib/system/libsystem_featureflags.dylib
0x00007fff68362000 	/usr/lib/system/libsystem_info.dylib
0x00007fff683dd000 	/usr/lib/system/libsystem_m.dylib
0x00007fff68425000 	/usr/lib/system/libsystem_malloc.dylib
0x00007fff6844d000 	/usr/lib/system/libsystem_networkextension.dylib
0x00007fff6845b000 	/usr/lib/system/libsystem_notify.dylib
0x00007fff6847a000 	/usr/lib/system/libsystem_sandbox.dylib
0x00007fff6847f000 	/usr/lib/system/libsystem_secinit.dylib
0x00007fff683b0000 	/usr/lib/system/libsystem_kernel.dylib
0x00007fff68465000 	/usr/lib/system/libsystem_platform.dylib
0x00007fff6846f000 	/usr/lib/system/libsystem_pthread.dylib
0x00007fff68482000 	/usr/lib/system/libsystem_symptoms.dylib
0x00007fff6848a000 	/usr/lib/system/libsystem_trace.dylib
0x00007fff684a2000 	/usr/lib/system/libunwind.dylib
0x00007fff684a8000 	/usr/lib/system/libxpc.dylib
0x00007fff66ef0000 	/usr/lib/libobjc.A.dylib
0x00007fff653d5000 	/usr/lib/libc++abi.dylib
0x00007fff65381000 	/usr/lib/libc++.1.dylib
0x00007fff30ce1000 	/System/Library/Frameworks/CoreFoundation.framework/Versions/A/CoreFoundation
0x00007fff333a6000 	/System/Library/Frameworks/Foundation.framework/Versions/C/Foundation
0x00007fff2dee9000 	/System/Library/Frameworks/AppKit.framework/Versions/C/AppKit
0x00007fff307ed000 	/System/Library/Frameworks/CoreData.framework/Versions/A/CoreData
0x00007fff61943000 	/System/Library/PrivateFrameworks/UIFoundation.framework/Versions/A/UIFoundation
0x00007fff5c11f000 	/System/Library/PrivateFrameworks/RemoteViewServices.framework/Versions/A/RemoteViewServices
0x00007fff643d6000 	/System/Library/PrivateFrameworks/XCTTargetBootstrap.framework/Versions/A/XCTTargetBootstrap
0x00007fff30bd0000 	/System/Library/Frameworks/CoreDisplay.framework/Versions/A/CoreDisplay
0x00007fff3611e000 	/System/Library/Frameworks/Metal.framework/Versions/A/Metal
0x00007fff4a53b000 	/System/Library/PrivateFrameworks/DesktopServicesPriv.framework/Versions/A/DesktopServicesPriv
0x00007fff661d1000 	/usr/lib/liblangid.dylib
0x00007fff49687000 	/System/Library/PrivateFrameworks/CoreSVG.framework/Versions/A/CoreSVG
0x00007fff5eee6000 	/System/Library/PrivateFrameworks/SkyLight.framework/Versions/A/SkyLight
0x00007fff31163000 	/System/Library/Frameworks/CoreGraphics.framework/Versions/A/CoreGraphics
0x00007fff2ca88000 	/System/Library/Frameworks/Accelerate.framework/Versions/A/Accelerate
0x00007fff674bd000 	/usr/lib/libxml2.2.dylib
0x00007fff55249000 	/System/Library/PrivateFrameworks/IconServices.framework/Versions/A/IconServices
0x00007fff33b8b000 	/System/Library/Frameworks/IOSurface.framework/Versions/A/IOSurface
0x00007fff64bd3000 	/usr/lib/libDiagnosticMessagesClient.dylib
0x00007fff4a3b4000 	/System/Library/PrivateFrameworks/DFRFoundation.framework/Versions/A/DFRFoundation
0x00007fff65f5f000 	/usr/lib/libicucore.A.dylib
0x00007fff2f026000 	/System/Library/Frameworks/AudioToolbox.framework/Versions/A/AudioToolbox
0x00007fff2f108000 	/System/Library/Frameworks/AudioUnit.framework/Versions/A/AudioUnit
0x00007fff6529c000 	/usr/lib/libauto.dylib
0x00007fff4a435000 	/System/Library/PrivateFrameworks/DataDetectorsCore.framework/Versions/A/DataDetectorsCore
0x00007fff2f88a000 	/System/Library/Frameworks/Carbon.framework/Versions/A/Frameworks/HIToolbox.framework/Versions/A/HIToolbox
0x00007fff3c569000 	/System/Library/Frameworks/QuartzCore.framework/Versions/A/QuartzCore
0x00007fff2fbc9000 	/System/Library/Frameworks/Carbon.framework/Versions/A/Frameworks/SpeechRecognition.framework/Versions/A/SpeechRecognition
0x00007fff49d3a000 	/System/Library/PrivateFrameworks/CoreUI.framework/Versions/A/CoreUI
0x00007fff30253000 	/System/Library/Frameworks/CoreAudio.framework/Versions/A/CoreAudio
0x00007fff3306e000 	/System/Library/Frameworks/DiskArbitration.framework/Versions/A/DiskArbitration
0x00007fff5725e000 	/System/Library/PrivateFrameworks/MultitouchSupport.framework/Versions/A/MultitouchSupport
0x00007fff65e25000 	/usr/lib/libenergytrace.dylib
0x00007fff33ae6000 	/System/Library/Frameworks/IOKit.framework/Versions/A/IOKit
0x00007fff320d1000 	/System/Library/Frameworks/CoreServices.framework/Versions/A/CoreServices
0x00007fff5936b000 	/System/Library/PrivateFrameworks/PerformanceAnalysis.framework/Versions/A/PerformanceAnalysis
0x00007fff3b59f000 	/System/Library/Frameworks/OpenGL.framework/Versions/A/OpenGL
0x00007fff2fd78000 	/System/Library/Frameworks/ColorSync.framework/Versions/A/ColorSync
0x00007fff317ea000 	/System/Library/Frameworks/CoreImage.framework/Versions/A/CoreImage
0x00007fff32b47000 	/System/Library/Frameworks/CoreText.framework/Versions/A/CoreText
0x00007fff33c11000 	/System/Library/Frameworks/ImageIO.framework/Versions/A/ImageIO
0x00007fff653fd000 	/usr/lib/libcompression.dylib
0x00007fff64f15000 	/usr/lib/libMobileGestalt.dylib
0x00007fff60a25000 	/System/Library/PrivateFrameworks/TextureIO.framework/Versions/A/TextureIO
0x00007fff65202000 	/usr/lib/libate.dylib
0x00007fff55452000 	/System/Library/PrivateFrameworks/InternationalSupport.framework/Versions/A/InternationalSupport
0x00007fff661d3000 	/usr/lib/liblzma.5.dylib
0x00007fff65e4d000 	/usr/lib/libfakelink.dylib
0x00007fff6518f000 	/usr/lib/libarchive.2.dylib
0x00007fff3e4da000 	/System/Library/Frameworks/SystemConfiguration.framework/Versions/A/SystemConfiguration
0x00007fff64b04000 	/usr/lib/libCRFSuite.dylib
0x00007fff2f47e000 	/System/Library/Frameworks/CFNetwork.framework/Versions/A/CFNetwork
0x00007fff65363000 	/usr/lib/libbsm.0.dylib
0x00007fff6828d000 	/usr/lib/system/libkxld.dylib
0x00007fff43e6b000 	/System/Library/PrivateFrameworks/AppleFSCompression.framework/Versions/A/AppleFSCompression
0x00007fff656e4000 	/usr/lib/libcoretls.dylib
0x00007fff656fb000 	/usr/lib/libcoretls_cfhelpers.dylib
0x00007fff66f34000 	/usr/lib/libpam.2.dylib
0x00007fff67067000 	/usr/lib/libsqlite3.dylib
0x00007fff674aa000 	/usr/lib/libxar.1.dylib
0x00007fff65374000 	/usr/lib/libbz2.1.0.dylib
0x00007fff65e6e000 	/usr/lib/libiconv.2.dylib
0x00007fff653ea000 	/usr/lib/libcharset.1.dylib
0x00007fff669db000 	/usr/lib/libnetwork.dylib
0x00007fff66f3b000 	/usr/lib/libpcap.A.dylib
0x00007fff65144000 	/usr/lib/libapple_nghttp2.dylib
0x00007fff32488000 	/System/Library/Frameworks/CoreServices.framework/Versions/A/Frameworks/FSEvents.framework/Versions/A/FSEvents
0x00007fff32158000 	/System/Library/Frameworks/CoreServices.framework/Versions/A/Frameworks/CarbonCore.framework/Versions/A/CarbonCore
0x00007fff326cb000 	/System/Library/Frameworks/CoreServices.framework/Versions/A/Frameworks/Metadata.framework/Versions/A/Metadata
0x00007fff32764000 	/System/Library/Frameworks/CoreServices.framework/Versions/A/Frameworks/OSServices.framework/Versions/A/OSServices
0x00007fff32792000 	/System/Library/Frameworks/CoreServices.framework/Versions/A/Frameworks/SearchKit.framework/Versions/A/SearchKit
0x00007fff320d2000 	/System/Library/Frameworks/CoreServices.framework/Versions/A/Frameworks/AE.framework/Versions/A/AE
0x00007fff32491000 	/System/Library/Frameworks/CoreServices.framework/Versions/A/Frameworks/LaunchServices.framework/Versions/A/LaunchServices
0x00007fff3243a000 	/System/Library/Frameworks/CoreServices.framework/Versions/A/Frameworks/DictionaryServices.framework/Versions/A/DictionaryServices
0x00007fff327fa000 	/System/Library/Frameworks/CoreServices.framework/Versions/A/Frameworks/SharedFileList.framework/Versions/A/SharedFileList
0x00007fff373f3000 	/System/Library/Frameworks/NetFS.framework/Versions/A/NetFS
0x00007fff5778e000 	/System/Library/PrivateFrameworks/NetAuth.framework/Versions/A/NetAuth
0x00007fff647a1000 	/System/Library/PrivateFrameworks/login.framework/Versions/A/Frameworks/loginsupport.framework/Versions/A/loginsupport
0x00007fff60520000 	/System/Library/PrivateFrameworks/TCC.framework/Versions/A/TCC
0x00007fff48a56000 	/System/Library/PrivateFrameworks/CoreNLP.framework/Versions/A/CoreNLP
0x00007fff56c8e000 	/System/Library/PrivateFrameworks/MetadataUtilities.framework/Versions/A/MetadataUtilities
0x00007fff662ab000 	/usr/lib/libmecabra.dylib
0x00007fff66203000 	/usr/lib/libmecab.dylib
0x00007fff65e5e000 	/usr/lib/libgermantok.dylib
0x00007fff6512b000 	/usr/lib/libThaiTokenizer.dylib
0x00007fff64b3c000 	/usr/lib/libChineseTokenizer.dylib
0x00007fff2caa0000 	/System/Library/Frameworks/Accelerate.framework/Versions/A/Frameworks/vImage.framework/Versions/A/vImage
0x00007fff2dd43000 	/System/Library/Frameworks/Accelerate.framework/Versions/A/Frameworks/vecLib.framework/Versions/A/vecLib
0x00007fff2dc87000 	/System/Library/Frameworks/Accelerate.framework/Versions/A/Frameworks/vecLib.framework/Versions/A/libvMisc.dylib
0x00007fff2daad000 	/System/Library/Frameworks/Accelerate.framework/Versions/A/Frameworks/vecLib.framework/Versions/A/libvDSP.dylib
0x00007fff2d10c000 	/System/Library/Frameworks/Accelerate.framework/Versions/A/Frameworks/vecLib.framework/Versions/A/libBLAS.dylib
0x00007fff2d667000 	/System/Library/Frameworks/Accelerate.framework/Versions/A/Frameworks/vecLib.framework/Versions/A/libLAPACK.dylib
0x00007fff2da0d000 	/System/Library/Frameworks/Accelerate.framework/Versions/A/Frameworks/vecLib.framework/Versions/A/libLinearAlgebra.dylib
0x00007fff2da9a000 	/System/Library/Frameworks/Accelerate.framework/Versions/A/Frameworks/vecLib.framework/Versions/A/libSparseBLAS.dylib
0x00007fff2da23000 	/System/Library/Frameworks/Accelerate.framework/Versions/A/Frameworks/vecLib.framework/Versions/A/libQuadrature.dylib
0x00007fff2d376000 	/System/Library/Frameworks/Accelerate.framework/Versions/A/Frameworks/vecLib.framework/Versions/A/libBNNS.dylib
0x00007fff2da29000 	/System/Library/Frameworks/Accelerate.framework/Versions/A/Frameworks/vecLib.framework/Versions/A/libSparse.dylib
0x00007fff55811000 	/System/Library/PrivateFrameworks/LanguageModeling.framework/Versions/A/LanguageModeling
0x00007fff483f2000 	/System/Library/PrivateFrameworks/CoreEmoji.framework/Versions/A/CoreEmoji
0x00007fff5592f000 	/System/Library/PrivateFrameworks/LinguisticData.framework/Versions/A/LinguisticData
0x00007fff558e0000 	/System/Library/PrivateFrameworks/Lexicon.framework/Versions/A/Lexicon
0x00007fff653eb000 	/usr/lib/libcmph.dylib
0x00007fff39fc5000 	/System/Library/Frameworks/OpenDirectory.framework/Versions/A/Frameworks/CFOpenDirectory.framework/Versions/A/CFOpenDirectory
0x00007fff39fe2000 	/System/Library/Frameworks/OpenDirectory.framework/Versions/A/OpenDirectory
0x00007fff422af000 	/System/Library/PrivateFrameworks/APFS.framework/Versions/A/APFS
0x00007fff3d68b000 	/System/Library/Frameworks/SecurityFoundation.framework/Versions/A/SecurityFoundation
0x00007fff674a6000 	/usr/lib/libutil.dylib
0x00007fff496df000 	/System/Library/PrivateFrameworks/CoreServicesStore.framework/Versions/A/CoreServicesStore
0x00007fff3d743000 	/System/Library/Frameworks/ServiceManagement.framework/Versions/A/ServiceManagement
0x00007fff45622000 	/System/Library/PrivateFrameworks/BackgroundTaskManagement.framework/Versions/A/BackgroundTaskManagement
0x00007fff675a3000 	/usr/lib/libxslt.1.dylib
0x00007fff444d0000 	/System/Library/PrivateFrameworks/AppleSystemInfo.framework/Versions/A/AppleSystemInfo
0x00007fff33e2e000 	/System/Library/Frameworks/ImageIO.framework/Versions/A/Resources/libJPEG.dylib
0x00007fff340ed000 	/System/Library/Frameworks/ImageIO.framework/Versions/A/Resources/libTIFF.dylib
0x00007fff340d0000 	/System/Library/Frameworks/ImageIO.framework/Versions/A/Resources/libPng.dylib
0x00007fff33d6f000 	/System/Library/Frameworks/ImageIO.framework/Versions/A/Resources/libGIF.dylib
0x00007fff33d73000 	/System/Library/Frameworks/ImageIO.framework/Versions/A/Resources/libJP2.dylib
0x00007fff340eb000 	/System/Library/Frameworks/ImageIO.framework/Versions/A/Resources/libRadiance.dylib
0x00007fff65e26000 	/usr/lib/libexpat.1.dylib
0x00007fff43fc6000 	/System/Library/PrivateFrameworks/AppleJPEG.framework/Versions/A/AppleJPEG
0x00007fff4c943000 	/System/Library/PrivateFrameworks/FontServices.framework/libFontParser.dylib
0x00007fff637f8000 	/System/Library/PrivateFrameworks/WatchdogClient.framework/Versions/A/WatchdogClient
0x00007fff54e9e000 	/System/Library/PrivateFrameworks/IOAccelerator.framework/Versions/A/IOAccelerator
0x00007fff364ac000 	/System/Library/Frameworks/MetalPerformanceShaders.framework/Versions/A/MetalPerformanceShaders
0x00007fff51691000 	/System/Library/PrivateFrameworks/GPUWrangler.framework/Versions/A/GPUWrangler
0x00007fff54ea9000 	/System/Library/PrivateFrameworks/IOPresentment.framework/Versions/A/IOPresentment
0x00007fff4a3c7000 	/System/Library/PrivateFrameworks/DSExternalDisplay.framework/Versions/A/DSExternalDisplay
0x00007fff3a94b000 	/System/Library/Frameworks/OpenGL.framework/Versions/A/Libraries/libCoreFSCache.dylib
0x00007fff361fe000 	/System/Library/Frameworks/MetalPerformanceShaders.framework/Frameworks/MPSCore.framework/Versions/A/MPSCore
0x00007fff3623b000 	/System/Library/Frameworks/MetalPerformanceShaders.framework/Frameworks/MPSImage.framework/Versions/A/MPSImage
0x00007fff362fd000 	/System/Library/Frameworks/MetalPerformanceShaders.framework/Frameworks/MPSNeuralNetwork.framework/Versions/A/MPSNeuralNetwork
0x00007fff362c2000 	/System/Library/Frameworks/MetalPerformanceShaders.framework/Frameworks/MPSMatrix.framework/Versions/A/MPSMatrix
0x00007fff3645d000 	/System/Library/Frameworks/MetalPerformanceShaders.framework/Frameworks/MPSRayIntersector.framework/Versions/A/MPSRayIntersector
0x00007fff362e7000 	/System/Library/Frameworks/MetalPerformanceShaders.framework/Frameworks/MPSNDArray.framework/Versions/A/MPSNDArray
0x00007fff56cdb000 	/System/Library/PrivateFrameworks/MetalTools.framework/Versions/A/MetalTools
0x00007fff43474000 	/System/Library/PrivateFrameworks/AggregateDictionary.framework/Versions/A/AggregateDictionary
0x00007fff47e7c000 	/System/Library/PrivateFrameworks/CoreAnalytics.framework/Versions/A/CoreAnalytics
0x00007fff443ee000 	/System/Library/PrivateFrameworks/AppleSauce.framework/Versions/A/AppleSauce
0x00007fff64df8000 	/usr/lib/libIOReport.dylib
0x00007fff32cfc000 	/System/Library/Frameworks/CoreVideo.framework/Versions/A/CoreVideo
0x00007fff52aff000 	/System/Library/PrivateFrameworks/GraphVisualizer.framework/Versions/A/GraphVisualizer
0x00007fff4bec4000 	/System/Library/PrivateFrameworks/FaceCore.framework/Versions/A/FaceCore
0x00007fff39f6c000 	/System/Library/Frameworks/OpenCL.framework/Versions/A/OpenCL
0x00007fff64c1a000 	/usr/lib/libFosl_dynamic.dylib
0x00007fff58189000 	/System/Library/PrivateFrameworks/OTSVG.framework/Versions/A/OTSVG
0x00007fff2edf9000 	/System/Library/Frameworks/ApplicationServices.framework/Versions/A/Frameworks/ATS.framework/Versions/A/Resources/libFontRegistry.dylib
0x00007fff4cb14000 	/System/Library/PrivateFrameworks/FontServices.framework/libhvf.dylib
0x00007fff3a956000 	/System/Library/Frameworks/OpenGL.framework/Versions/A/Libraries/libGFXShared.dylib
0x00007fff3ab33000 	/System/Library/Frameworks/OpenGL.framework/Versions/A/Libraries/libGLU.dylib
0x00007fff3a95f000 	/System/Library/Frameworks/OpenGL.framework/Versions/A/Libraries/libGL.dylib
0x00007fff3a96a000 	/System/Library/Frameworks/OpenGL.framework/Versions/A/Libraries/libGLImage.dylib
0x00007fff3a948000 	/System/Library/Frameworks/OpenGL.framework/Versions/A/Libraries/libCVMSPluginSupport.dylib
0x00007fff3a951000 	/System/Library/Frameworks/OpenGL.framework/Versions/A/Libraries/libCoreVMClient.dylib
0x00007fff6687d000 	/usr/lib/libncurses.5.4.dylib
0x00007fff2ecf5000 	/System/Library/Frameworks/ApplicationServices.framework/Versions/A/Frameworks/ATS.framework/Versions/A/ATS
0x00007fff2eec2000 	/System/Library/Frameworks/ApplicationServices.framework/Versions/A/Frameworks/ColorSyncLegacy.framework/Versions/A/ColorSyncLegacy
0x00007fff2ef61000 	/System/Library/Frameworks/ApplicationServices.framework/Versions/A/Frameworks/HIServices.framework/Versions/A/HIServices
0x00007fff2efb8000 	/System/Library/Frameworks/ApplicationServices.framework/Versions/A/Frameworks/LangAnalysis.framework/Versions/A/LangAnalysis
0x00007fff2efc7000 	/System/Library/Frameworks/ApplicationServices.framework/Versions/A/Frameworks/PrintCore.framework/Versions/A/PrintCore
0x00007fff2f00d000 	/System/Library/Frameworks/ApplicationServices.framework/Versions/A/Frameworks/QD.framework/Versions/A/QD
0x00007fff2f018000 	/System/Library/Frameworks/ApplicationServices.framework/Versions/A/Frameworks/SpeechSynthesis.framework/Versions/A/SpeechSynthesis
0x00007fff2ee92000 	/System/Library/Frameworks/ApplicationServices.framework/Versions/A/Frameworks/ATSUI.framework/Versions/A/ATSUI
0x00007fff65cba000 	/usr/lib/libcups.2.dylib
0x00007fff3555b000 	/System/Library/Frameworks/Kerberos.framework/Versions/A/Kerberos
0x00007fff337db000 	/System/Library/Frameworks/GSS.framework/Versions/A/GSS
0x00007fff66ff3000 	/usr/lib/libresolv.9.dylib
0x00007fff52ca0000 	/System/Library/PrivateFrameworks/Heimdal.framework/Versions/A/Heimdal
0x00007fff3556e000 	/System/Library/Frameworks/Kerberos.framework/Versions/A/Libraries/libHeimdalProxy.dylib
0x00007fff65e64000 	/usr/lib/libheimdal-asn1.dylib
0x00007fff47322000 	/System/Library/PrivateFrameworks/CommonAuth.framework/Versions/A/CommonAuth
0x00007fff4456d000 	/System/Library/PrivateFrameworks/AssertionServices.framework/Versions/A/AssertionServices
0x00007fff45110000 	/System/Library/PrivateFrameworks/AudioToolboxCore.framework/Versions/A/AudioToolboxCore
0x00007fff64452000 	/System/Library/PrivateFrameworks/caulk.framework/Versions/A/caulk
0x00007fff456ce000 	/System/Library/PrivateFrameworks/BaseBoard.framework/Versions/A/BaseBoard
0x00007fff5c2ae000 	/System/Library/PrivateFrameworks/RunningBoardServices.framework/Versions/A/RunningBoardServices
0x00007fff59377000 	/System/Library/PrivateFrameworks/PersistentConnection.framework/Versions/A/PersistentConnection
0x00007fff5bcfd000 	/System/Library/PrivateFrameworks/ProtocolBuffer.framework/Versions/A/ProtocolBuffer
0x00007fff47347000 	/System/Library/PrivateFrameworks/CommonUtilities.framework/Versions/A/CommonUtilities
0x00007fff45851000 	/System/Library/PrivateFrameworks/Bom.framework/Versions/A/Bom
0x00007fff64ac7000 	/usr/lib/libAudioToolboxUtility.dylib
0x00007fff4562c000 	/System/Library/PrivateFrameworks/Backup.framework/Versions/A/Backup
0x00007fff4a137000 	/System/Library/PrivateFrameworks/CrashReporterSupport.framework/Versions/A/CrashReporterSupport
0x00007fff5ddaa000 	/System/Library/PrivateFrameworks/Sharing.framework/Versions/A/Sharing
0x00007fff43d11000 	/System/Library/PrivateFrameworks/Apple80211.framework/Versions/A/Apple80211
0x00007fff4534e000 	/System/Library/PrivateFrameworks/AuthKit.framework/Versions/A/AuthKit
0x00007fff49e67000 	/System/Library/PrivateFrameworks/CoreUtils.framework/Versions/A/CoreUtils
0x00007fff32d41000 	/System/Library/Frameworks/CoreWLAN.framework/Versions/A/CoreWLAN
0x00007fff33967000 	/System/Library/Frameworks/IOBluetooth.framework/Versions/A/IOBluetooth
0x00007fff56fd9000 	/System/Library/PrivateFrameworks/MobileKeyBag.framework/Versions/A/MobileKeyBag
0x00007fff48f32000 	/System/Library/PrivateFrameworks/CorePhoneNumbers.framework/Versions/A/CorePhoneNumbers
0x00007fff43f79000 	/System/Library/PrivateFrameworks/AppleIDAuthSupport.framework/Versions/A/AppleIDAuthSupport
0x00007fff37400000 	/System/Library/Frameworks/Network.framework/Versions/A/Network
0x00007fff55699000 	/System/Library/PrivateFrameworks/KeychainCircle.framework/Versions/A/KeychainCircle
0x00007fff307b5000 	/System/Library/Frameworks/CoreBluetooth.framework/Versions/A/CoreBluetooth
0x00007fff5fa26000 	/System/Library/PrivateFrameworks/SpeechRecognitionCore.framework/Versions/A/SpeechRecognitionCore
0x0000000108c00000 	/Library/Java/JavaVirtualMachines/jdk-13.0.2.jdk/Contents/Home/lib/server/libjvm.dylib
0x00000001073c5000 	/Library/Java/JavaVirtualMachines/jdk-13.0.2.jdk/Contents/Home/lib/libverify.dylib
0x00000001073d1000 	/Library/Java/JavaVirtualMachines/jdk-13.0.2.jdk/Contents/Home/lib/libjava.dylib
0x00000001099e4000 	/Library/Java/JavaVirtualMachines/jdk-13.0.2.jdk/Contents/Home/lib/libjdwp.dylib
0x0000000109a1a000 	/Library/Java/JavaVirtualMachines/jdk-13.0.2.jdk/Contents/Home/lib/libinstrument.dylib
0x0000000109a9d000 	/Library/Java/JavaVirtualMachines/jdk-13.0.2.jdk/Contents/Home/lib/libzip.dylib
0x0000000109aa4000 	/Library/Java/JavaVirtualMachines/jdk-13.0.2.jdk/Contents/Home/lib/libjimage.dylib
0x0000000130466000 	/Library/Java/JavaVirtualMachines/jdk-13.0.2.jdk/Contents/Home/lib/libdt_socket.dylib
0x0000000130546000 	/Library/Java/JavaVirtualMachines/jdk-13.0.2.jdk/Contents/Home/lib/libnio.dylib
0x0000000130554000 	/Library/Java/JavaVirtualMachines/jdk-13.0.2.jdk/Contents/Home/lib/libnet.dylib
0x000000013061b000 	/Library/Java/JavaVirtualMachines/jdk-13.0.2.jdk/Contents/Home/lib/libsunec.dylib
0x00007fff6744a000 	/usr/lib/libusrtcp.dylib
0x0000000130460000 	/Library/Java/JavaVirtualMachines/jdk-13.0.2.jdk/Contents/Home/lib/libextnet.dylib


VM Arguments:
jvm_args: -agentlib:jdwp=transport=dt_socket,suspend=y,address=localhost:61965 -javaagent:/Users/josepena97/eclipse/java-2019-12/Eclipse.app/Contents/Eclipse/configuration/org.eclipse.osgi/219/0/.cp/lib/javaagent-shaded.jar -Dfile.encoding=UTF-8 
java_command: webscrape.WebScrape
java_class_path (initial): /Users/josepena97/Documents/Assignment02/bin:/Users/josepena97/Documents/jsoup/jsoup-1.13.1.jar
Launcher Type: SUN_STANDARD

[Global flags]
     intx CICompilerCount                          = 4                                         {product} {ergonomic}
     uint ConcGCThreads                            = 3                                         {product} {ergonomic}
     uint G1ConcRefinementThreads                  = 10                                        {product} {ergonomic}
   size_t G1HeapRegionSize                         = 1048576                                   {product} {ergonomic}
    uintx GCDrainStackTargetSize                   = 64                                        {product} {ergonomic}
   size_t InitialHeapSize                          = 268435456                                 {product} {ergonomic}
   size_t MarkStackSize                            = 4194304                                   {product} {ergonomic}
   size_t MaxHeapSize                              = 4294967296                                {product} {ergonomic}
   size_t MaxNewSize                               = 2576351232                                {product} {ergonomic}
   size_t MinHeapDeltaBytes                        = 1048576                                   {product} {ergonomic}
   size_t MinHeapSize                              = 8388608                                   {product} {ergonomic}
    uintx NonNMethodCodeHeapSize                   = 5839372                                {pd product} {ergonomic}
    uintx NonProfiledCodeHeapSize                  = 122909434                              {pd product} {ergonomic}
    uintx ProfiledCodeHeapSize                     = 122909434                              {pd product} {ergonomic}
    uintx ReservedCodeCacheSize                    = 251658240                              {pd product} {ergonomic}
     bool SegmentedCodeCache                       = true                                      {product} {ergonomic}
   size_t SoftMaxHeapSize                          = 4294967296                             {manageable} {ergonomic}
     bool UseCompressedClassPointers               = true                                 {lp64_product} {ergonomic}
     bool UseCompressedOops                        = true                                 {lp64_product} {ergonomic}
     bool UseG1GC                                  = true                                      {product} {ergonomic}

Logging:
Log output configuration:
 #0: stdout all=warning uptime,level,tags
 #1: stderr all=off uptime,level,tags

Environment Variables:
PATH=/usr/bin:/bin:/usr/sbin:/sbin
SHELL=/bin/zsh

Signal Handlers:
SIGSEGV: [libjvm.dylib+0x77ba40], sa_mask[0]=11111111011111110111111111111111, sa_flags=SA_ONSTACK|SA_RESTART|SA_SIGINFO
SIGBUS: [libjvm.dylib+0x77ba40], sa_mask[0]=11111111011111110111111111111111, sa_flags=SA_RESTART|SA_SIGINFO
SIGFPE: [libjvm.dylib+0x77ba40], sa_mask[0]=11111111011111110111111111111111, sa_flags=SA_RESTART|SA_SIGINFO
SIGPIPE: [libjvm.dylib+0x6221fd], sa_mask[0]=11111111011111110111111111111111, sa_flags=SA_RESTART|SA_SIGINFO
SIGXFSZ: [libjvm.dylib+0x6221fd], sa_mask[0]=11111111011111110111111111111111, sa_flags=SA_RESTART|SA_SIGINFO
SIGILL: [libjvm.dylib+0x77ba40], sa_mask[0]=11111111011111110111111111111111, sa_flags=SA_RESTART|SA_SIGINFO
SIGUSR2: [libjvm.dylib+0x6227e7], sa_mask[0]=00100000000000000000000000000000, sa_flags=SA_RESTART|SA_SIGINFO
SIGHUP: [libjvm.dylib+0x6217d5], sa_mask[0]=11111111011111110111111111111111, sa_flags=SA_RESTART|SA_SIGINFO
SIGINT: [libjvm.dylib+0x6217d5], sa_mask[0]=11111111011111110111111111111111, sa_flags=SA_RESTART|SA_SIGINFO
SIGTERM: [libjvm.dylib+0x6217d5], sa_mask[0]=11111111011111110111111111111111, sa_flags=SA_RESTART|SA_SIGINFO
SIGQUIT: [libjvm.dylib+0x6217d5], sa_mask[0]=11111111011111110111111111111111, sa_flags=SA_RESTART|SA_SIGINFO


---------------  S Y S T E M  ---------------

OS:uname:Darwin 19.3.0 Darwin Kernel Version 19.3.0: Thu Jan  9 20:58:23 PST 2020; root:xnu-6153.81.5~1/RELEASE_X86_64 x86_64
rlimit: STACK 8192k, CORE 0k, NPROC 2784, NOFILE 10240, AS infinity, DATA infinity, FSIZE infinity
load average:1.79 1.94 1.86

CPU:total 12 (initial active 12) (6 cores per cpu, 2 threads per core) family 6 model 158 stepping 10, cmov, cx8, fxsr, mmx, sse, sse2, sse3, ssse3, sse4.1, sse4.2, popcnt, avx, avx2, aes, clmul, erms, 3dnowpref, lzcnt, ht, tsc, tscinvbit, bmi1, bmi2, adx, fma

Memory: 4k page, physical 16777216k(228772k free), swap 1048576k(785152k free)

vm_info: Java HotSpot(TM) 64-Bit Server VM (13.0.2+8) for bsd-amd64 JRE (13.0.2+8), built on Dec 11 2019 09:27:08 by "mach5one" with clang 4.2.1 Compatible Apple LLVM 10.0.0 (clang-1000.11.45.5)

END.
